2026-04-04 03:26:28,629 INFO o.a.j.u.JMeterUtils: Setting Locale to en_EN
2026-04-04 03:26:28,649 INFO o.a.j.JMeter: Loading user properties from: /opt/jmeter/bin/user.properties
2026-04-04 03:26:28,649 INFO o.a.j.JMeter: Loading system properties from: /opt/jmeter/bin/system.properties
2026-04-04 03:26:28,649 INFO o.a.j.JMeter: Setting JMeter property: host=127.0.0.1
2026-04-04 03:26:28,649 INFO o.a.j.JMeter: Setting JMeter property: port=9
2026-04-04 03:26:28,650 INFO o.a.j.JMeter: Setting JMeter property: thread_count=1
2026-04-04 03:26:28,650 INFO o.a.j.JMeter: Setting JMeter property: sync_group_size=1
2026-04-04 03:26:28,650 INFO o.a.j.JMeter: Setting JMeter property: connect_timeout_ms=1
2026-04-04 03:26:28,650 INFO o.a.j.JMeter: Setting JMeter property: response_timeout_ms=1
2026-04-04 03:26:28,650 INFO o.a.j.JMeter: Setting JMeter property: csv_path=/tmp/jmeter-template-check.csv
2026-04-04 03:26:28,650 INFO o.a.j.JMeter: Setting JMeter property: setup_flash_sale=true
2026-04-04 03:26:28,650 INFO o.a.j.JMeter: Setting JMeter property: manager_email=seed-manager@example.com
2026-04-04 03:26:28,650 INFO o.a.j.JMeter: Setting JMeter property: manager_password=manager123
2026-04-04 03:26:28,650 INFO o.a.j.JMeter: Setting JMeter property: target_flash_sale_price=19.99
2026-04-04 03:26:28,650 INFO o.a.j.JMeter: Setting JMeter property: target_product_name=test-product
2026-04-04 03:26:28,650 INFO o.a.j.JMeter: Setting JMeter property: target_product_stock=50
2026-04-04 03:26:28,658 INFO o.a.j.JMeter: Copyright (c) 1998-2024 The Apache Software Foundation
2026-04-04 03:26:28,658 INFO o.a.j.JMeter: Version 5.6.3
2026-04-04 03:26:28,659 INFO o.a.j.JMeter: java.version=17.0.18
2026-04-04 03:26:28,659 INFO o.a.j.JMeter: java.vm.name=OpenJDK 64-Bit Server VM
2026-04-04 03:26:28,659 INFO o.a.j.JMeter: os.name=Linux
2026-04-04 03:26:28,659 INFO o.a.j.JMeter: os.arch=amd64
2026-04-04 03:26:28,659 INFO o.a.j.JMeter: os.version=6.6.87.2-microsoft-standard-WSL2
2026-04-04 03:26:28,659 INFO o.a.j.JMeter: file.encoding=UTF-8
2026-04-04 03:26:28,659 INFO o.a.j.JMeter: java.awt.headless=true
2026-04-04 03:26:28,659 INFO o.a.j.JMeter: Max memory     =1073741824
2026-04-04 03:26:28,660 INFO o.a.j.JMeter: Available Processors =24
2026-04-04 03:26:28,667 INFO o.a.j.JMeter: Default Locale=English (EN)
2026-04-04 03:26:28,668 INFO o.a.j.JMeter: JMeter  Locale=English (EN)
2026-04-04 03:26:28,668 INFO o.a.j.JMeter: JMeterHome=/opt/jmeter
2026-04-04 03:26:28,668 INFO o.a.j.JMeter: user.dir  =/home/keishi/tru/web_seng4640/w2026-04-04 03:26:28,798 INFO o.a.j.s.SaveService: Testplan (JMX) version: 2.2. Testlog (JTL) version: 2.2
2026-04-04 03:26:28,831 INFO o.a.j.s.SaveService: Using SaveService properties version 5.0
2026-04-04 03:26:28,834 INFO o.a.j.s.SaveService: Using SaveService properties file encoding UTF-8
2026-04-04 03:26:28,840 INFO o.a.j.s.SaveService: Loading file: docs/backend/jmeter-flash-sale-checkout-template.jmx
2026-04-04 03:26:28,893 INFO o.a.j.p.h.c.CookieManager: Settings: Delete null: true Check: true Allow variable: true Save: false Prefix: COOKIE_
2026-04-04 03:26:28,896 INFO o.a.j.p.h.c.2026-04-04 03:26:28,897 INFO o.a.j.s.SaveService: Using Sav2026-04-04 03:26:28,911 INFO o.a.j.p.h.s.HTTPSamplerBase: Parser for text/html is org.apache.jmeter.protocol.http.parser.LagartoBasedHtmlParser
2026-04-04 03:26:28,912 INFO o.a.j.p.h.s.HTTPSamplerBase: Parser for application/xhtml+xml is org.apache2026-04-04 03:26:28,953 INFO o.a.j.p.h.c.CookieManager: Settings: Delete null: true Check: true Allow variable: true Save: false Prefix: COOKIE_
2026-04-04 03:26:28,957 INFO o.a.j.p.h.c.CacheManager: Will only cache the following methods: [GET]
2026-04-04 03:26:28,970 INFO o.a.j.p.h.s.HTTPSamplerBase: Parser for text/html is org.apache.jmeter.protocol.http.parser.LagartoBasedHtmlParser
2026-04-04 03:26:28,970 INFO o.a.j.p.h.s.HTTPSamplerBase: Parser for application/xhtml+xml is org.apache.jmeter.protocol.http.parser.LagartoBasedHtmlParser
2026-04-04 03:26:28,970 INFO o.a.j.p.h.s.HTTPSamplerBase: Parser for application/xml is org.apache.jmeter.protocol.http.parser.LagartoBasedHtmlParse2026-04-04 03:26:28,983 INFO o.a.j.e.StandardJMeterEngine: Running the test!
2026-04-04 03:26:28,983 INFO o.a.j.s.SampleEvent: List of sample_variables: []
2026-04-04 03:26:28,983 INFO o.a.j.s.SampleEvent: List of sample_variables: []
2026-04-04 03:26:28,986 INFO o.a.j.e.u.CompoundVariable: Note: Function class names must contain the string: '.functions.'
2026-04-04 03:26:28,986 INFO o.a.j.e.u.CompoundVariable: Note:2026-04-04 03:26:29,016 INFO o.a.j.JMeter: Creating summari2026-04-04 03:26:29,284 INFO o.a.j.JMeter: Running test (1775298389283)
2026-04-04 03:26:29,286 INFO o.a.j.e.StandardJMeterEngine: Starting setUp thread groups
2026-04-04 03:26:29,286 INFO o.a.j.e.StandardJMeterEngine: Starting setUp ThreadGroup: 1 : Manager Dedicated Product Setup 
2026-04-04 03:26:29,286 INFO o.a.j.e.StandardJMeterEngine: Starting 1 threads for group Manager Dedicated Product Setup.
2026-04-04 03:26:29,286 INFO o.a.j.e.StandardJMeterEngine: Thread will continue on error2026-04-04 03:26:29,349 INFO o.a.j.JMeter: Running test (1775298389349)
2026-04-04 03:26:29,351 INFO o.a.j.e.StandardJMeterEngine: Starting setUp thread groups
2026-04-04 03:26:29,352 INFO o.a.j.e.StandardJMeterEngine: Starting setUp ThreadGroup: 1 : Manager Dedicated Product Setup 
2026-04-04 03:26:29,353 INFO o.a.j.e.StandardJMeterEngine: Starting 1 threads for group Manager Dedicated Product Setup.
2026-2026-04-04 03:26:30,007 INFO o.a.j.t.JMeterThread: Thread is done: Manager Dedicated Product Setup 1-1
2026-04-04 03:26:30,008 INFO o.a.j.t.JMeterThread: Thread finished: Manager Dedicated Product Setup 1-1
2026-04-04 03:26:30,008 INFO o.a.j.e.StandardJMeterEngine: All Setup Threads have ended
2026-04-04 03:26:30,043 INFO o.a.j.e.StandardJMeterEngine: Starting ThreadGroup: 1 : Checkout Contention Users
2026-04-04 03:26:30,044 INFO o.a.j.e.StandardJMeterEngine: Starting 1 threads for group2026-04-04 03:26:30,091 INFO o.a.j.p.h.s.HTTPHCAbstractImpl: Local host = ProartP16-2024-RESET-202603
2026-04-04 03:26:30,096 INFO o.a.j.p.h.s.HTTPHC4Impl: HTTP request retry count = 0
2026-04-04 03:26:30,098 INFO o.a.j.s.SampleResult: Note: Sample TimeStamps are START times
2026-04-04 03:26:30,098 INFO o.a.j.s.SampleResult: sampleresult.default.encoding is set to UTF-8
2026-04-04 03:26:30,098 INFO o.a.j.s.SampleResult: sampleresult.useNanoTime=true
2026-04-04 03:26:30,099 INFO o.a.j.s.SampleResult: sampleresult.nanoThreadSleep=5000
2026-04-04 03:26:30,179 INFO o.a.j.r.Summariser: summary +      1 in 00:00:01 =    1.2/s Avg:    19 Min:    19 Max:    19 Err:     1 (100.00%) Active: 1 Started: 1 Finished: 0
2026-04-04 03:26:30,315 INFO o.a.j.t.JMeterThread: Thread is done: Manager Dedicated Product Setup 1-1
2026-04-04 03:26:30,315 INFO o.a.j.t.JMeterThread: Thread finished: Manager Dedicated Product Setup 1-1
2026-04-04 03:26:30,316 INFO o.a.j.e.StandardJMeterEngine: All Setup Threads have ended
2026-04-04 03:26:30,340 INFO o.a.j.e.StandardJMeterEngine: Starting ThreadGroup: 1 : Checkout Contention Users
2026-04-04 03:26:30,340 INFO o.a.j.e.StandardJMeterEngine: Starting 1 threads for group Checkout Contention Users.
2026-04-04 03:26:30,340 INFO o.a.j.e.StandardJMeterEngine: Thread will continue on error
2026-04-04 03:26:30,341 INFO o.a.j.t.ThreadGroup: Starting thread group... number=1 threads=1 ramp-up=5 delayedStart=false
2026-04-04 03:26:30,343 INFO o.a.j.t.ThreadGroup: Started thread group number 1
2026-04-04 03:26:30,343 INFO o.a.j.e.StandardJMeterEngine: All thread groups have been started
2026-04-04 03:26:30,349 INFO o.a.j.t.JMeterThread: Thread started: Checkout Contention Users 1-1
2026-04-04 03:26:30,350 INFO o.a.j.s.FileServer: Stored: /tmp/jmeter-template-check.csv
2026-04-04 03:26:30,376 INFO o.a.j.t.JMeterThread: Thread is done: Checkout Contention Users 1-1
2026-04-04 03:26:30,376 INFO o.a.j.t.JMeterThread: Thread finished: Checkout Contention Users 1-1
2026-04-04 03:26:30,376 INFO o.a.j.e.StandardJMeterEngine: Notifying test listeners of end of test
2026-04-04 03:26:30,377 INFO o.a.j.s.FileServer: Close: /tmp/jmeter-template-check.csv
2026-04-04 03:26:30,381 INFO o.a.j.r.Summariser: summary +      3 in 00:00:00 =   14.9/s Avg:     1 Min:     1 Max:     1 Err:     3 (100.00%) Active: 0 Started: 1 Finished: 1
2026-04-04 03:26:30,382 INFO o.a.j.r.Summariser: summary =      4 in 00:00:01 =    3.9/s Avg:     5 Min:     1 Max:    19 Err:     4 (100.00%)
