2026-04-04 02:49:44,808 INFO o.a.j.u.JMeterUtils: Setting Locale to en_EN
2026-04-04 02:49:44,823 INFO o.a.j.JMeter: Loading user properties from: /opt/jmeter/bin/user.properties
2026-04-04 02:49:44,823 INFO o.a.j.JMeter: Loading system properties from: /opt/jmeter/bin/system.properties
2026-04-04 02:49:44,823 INFO o.a.j.JMeter: Setting JMeter property: protocol=http
2026-04-04 02:49:44,823 INFO o.a.j.JMeter: Setting JMeter property: host=13.57.223.9
2026-04-04 02:49:44,823 INFO o.a.j.JMeter: Setting JMeter property: port=30500
2026-04-04 02:49:44,824 INFO o.a.j.JMeter: Setting JMeter property: base_path=/api
2026-04-04 02:49:44,824 INFO o.a.j.JMeter: Setting JMeter property: thread_count=250
2026-04-04 02:49:44,824 INFO o.a.j.JMeter: Setting JMeter property: sync_group_size=250
2026-04-04 02:49:44,824 INFO o.a.j.JMeter: Setting JMeter property: ramp_seconds=5
2026-04-04 02:49:44,824 INFO o.a.j.JMeter: Setting JMeter property: connect_timeout_ms=5000
2026-04-04 02:49:44,824 INFO o.a.j.JMeter: Setting JMeter property: response_timeout_ms=60000
2026-04-04 02:49:44,824 INFO o.a.j.JMeter: Setting JMeter property: sync_timeout_ms=15000
2026-04-04 02:49:44,824 INFO o.a.j.JMeter: Setting JMeter property: csv_path=/home/keishi/tru/web_seng4640/loadTest/stg-loadtest-users.csv
2026-04-04 02:49:44,830 INFO o.a.j.JMeter: Copyright (c) 1998-2024 The Apache Software Foundation
2026-04-04 02:49:44,830 INFO o.a.j.JMeter: Version 5.6.3
2026-04-04 02:49:44,831 INFO o.a.j.JMeter: java.version=17.0.18
2026-04-04 02:49:44,831 INFO o.a.j.JMeter: java.vm.name=OpenJDK 64-Bit Server VM
2026-04-04 02:49:44,831 INFO o.a.j.JMeter: os.name=Linux
2026-04-04 02:49:44,831 INFO o.a.j.JMeter: os.arch=amd64
2026-04-04 02:49:44,831 INFO o.a.j.JMeter: os.version=6.6.87.2-microsoft-standard-WSL2
2026-04-04 02:49:44,831 INFO o.a.j.JMeter: file.encoding=UTF-8
2026-04-04 02:49:44,831 INFO o.a.j.JMeter: java.awt.headless=true
2026-04-04 02:49:44,831 INFO o.a.j.JMeter: Max memory     =1073741824
2026-04-04 02:49:44,831 INFO o.a.j.JMeter: Available Processors =24
2026-04-04 02:49:44,838 INFO o.a.j.JMeter: Default Locale=English (EN)
2026-04-04 02:49:44,838 INFO o.a.j.JMeter: JMeter  Locale=English (EN)
2026-04-04 02:49:44,838 INFO o.a.j.JMeter: JMeterHome=/opt/jmeter
2026-04-04 02:49:44,838 INFO o.a.j.JMeter: user.dir  =/home/keishi/tru/web_seng4640/web_app_seng4640/packages/backend
2026-04-04 02:49:44,838 INFO o.a.j.JMeter: PWD       =/home/keishi/tru/web_seng4640/web_app_seng4640/packages/backend
2026-04-04 02:49:44,839 INFO o.a.j.JMeter: IP: 127.0.1.1 Name: ProartP16-2024-RESET-202603 FullName: ProartP16-2024-RESET-202603.localdomain
2026-04-04 02:49:44,848 INFO o.a.j.JMeter: Setting property 'jmeter.reportgenerator.outputdir' to:'/home/keishi/tru/web_seng4640/web_app_seng4640/packages/backend/jmeter-runs/flash-sale-stg-loadtest-13-57-223-9-p30500-t250-s250-20260404-024944/report'
2026-04-04 02:49:44,851 INFO o.a.j.s.FileServer: Default base='/home/keishi/tru/web_seng4640/web_app_seng4640/packages/backend'
2026-04-04 02:49:44,853 INFO o.a.j.s.FileServer: Set new base='/home/keishi/tru/web_seng4640/web_app_seng4640/docs/backend'
2026-04-04 02:49:45,024 INFO o.a.j.s.SaveService: Testplan (JMX) version: 2.2. Testlog (JTL) version: 2.2
2026-04-04 02:49:45,052 INFO o.a.j.s.SaveService: Using SaveService properties version 5.0
2026-04-04 02:49:45,057 INFO o.a.j.s.SaveService: Using SaveService properties file encoding UTF-8
2026-04-04 02:49:45,063 INFO o.a.j.s.SaveService: Loading file: /home/keishi/tru/web_seng4640/web_app_seng4640/docs/backend/jmeter-flash-sale-checkout-template.jmx
2026-04-04 02:49:45,102 INFO o.a.j.p.h.c.CookieManager: Settings: Delete null: true Check: true Allow variable: true Save: false Prefix: COOKIE_
2026-04-04 02:49:45,105 INFO o.a.j.p.h.c.CacheManager: Will only cache the following methods: [GET]
2026-04-04 02:49:45,123 INFO o.a.j.p.h.s.HTTPSamplerBase: Parser for text/html is org.apache.jmeter.protocol.http.parser.LagartoBasedHtmlParser
2026-04-04 02:49:45,124 INFO o.a.j.p.h.s.HTTPSamplerBase: Parser for application/xhtml+xml is org.apache.jmeter.protocol.http.parser.LagartoBasedHtmlParser
2026-04-04 02:49:45,124 INFO o.a.j.p.h.s.HTTPSamplerBase: Parser for application/xml is org.apache.jmeter.protocol.http.parser.LagartoBasedHtmlParser
2026-04-04 02:49:45,124 INFO o.a.j.p.h.s.HTTPSamplerBase: Parser for text/xml is org.apache.jmeter.protocol.http.parser.LagartoBasedHtmlParser
2026-04-04 02:49:45,124 INFO o.a.j.p.h.s.HTTPSamplerBase: Parser for text/vnd.wap.wml is org.apache.jmeter.protocol.http.parser.RegexpHTMLParser
2026-04-04 02:49:45,124 INFO o.a.j.p.h.s.HTTPSamplerBase: Parser for text/css is org.apache.jmeter.protocol.http.parser.CssParser
2026-04-04 02:49:45,155 INFO o.a.j.JMeter: Creating summariser <summary>
2026-04-04 02:49:45,164 INFO o.a.j.r.d.ReportGenerator: ReportGenerator will use for Parsing the separator: ','
2026-04-04 02:49:45,164 INFO o.a.j.r.d.ReportGenerator: Will generate report at end of test from  results file: /home/keishi/tru/web_seng4640/web_app_seng4640/packages/backend/jmeter-runs/flash-sale-stg-loadtest-13-57-223-9-p30500-t250-s250-20260404-024944/results.jtl
2026-04-04 02:49:45,164 INFO o.a.j.r.d.ReportGenerator: Reading report generator properties from: /opt/jmeter/bin/reportgenerator.properties
2026-04-04 02:49:45,164 INFO o.a.j.r.d.ReportGenerator: Merging with JMeter properties
2026-04-04 02:49:45,167 INFO o.a.j.r.c.ReportGeneratorConfiguration: Property 'jmeter.reportgenerator.temp_dir' not found, using default value 'temp' instead.
2026-04-04 02:49:45,169 INFO o.a.j.r.c.ReportGeneratorConfiguration: Property 'jmeter.reportgenerator.apdex_per_transaction' not found, using default value 'null' instead.
2026-04-04 02:49:45,169 INFO o.a.j.r.c.ReportGeneratorConfiguration: apdex_per_transaction is empty, not APDEX per transaction customization
2026-04-04 02:49:45,171 INFO o.a.j.r.c.ReportGeneratorConfiguration: Property 'jmeter.reportgenerator.sample_filter' not found, using default value 'null' instead.
2026-04-04 02:49:45,171 INFO o.a.j.r.c.ReportGeneratorConfiguration: Property 'jmeter.reportgenerator.report_title' not found, using default value 'null' instead.
2026-04-04 02:49:45,171 INFO o.a.j.r.c.ReportGeneratorConfiguration: Property 'jmeter.reportgenerator.start_date' not found, using default value 'null' instead.
2026-04-04 02:49:45,171 INFO o.a.j.r.c.ReportGeneratorConfiguration: Property 'jmeter.reportgenerator.end_date' not found, using default value 'null' instead.
2026-04-04 02:49:45,172 INFO o.a.j.r.c.ReportGeneratorConfiguration: Property 'jmeter.reportgenerator.date_format' not found, using default value 'null' instead.
2026-04-04 02:49:45,173 INFO o.a.j.r.c.ReportGeneratorConfiguration: Will use date range start date: null, end date: null
2026-04-04 02:49:45,176 INFO o.a.j.r.c.ReportGeneratorConfiguration: Property 'jmeter.reportgenerator.graph.totalTPS.exclude_controllers' not found, using default value 'false' instead.
2026-04-04 02:49:45,176 INFO o.a.j.r.c.ReportGeneratorConfiguration: Property 'jmeter.reportgenerator.graph.activeThreadsOverTime.exclude_controllers' not found, using default value 'false' instead.
2026-04-04 02:49:45,176 INFO o.a.j.r.c.ReportGeneratorConfiguration: Property 'jmeter.reportgenerator.graph.timeVsThreads.exclude_controllers' not found, using default value 'false' instead.
2026-04-04 02:49:45,177 INFO o.a.j.r.c.ReportGeneratorConfiguration: Property 'jmeter.reportgenerator.graph.responseTimeDistribution.exclude_controllers' not found, using default value 'false' instead.
2026-04-04 02:49:45,177 INFO o.a.j.r.c.ReportGeneratorConfiguration: Property 'jmeter.reportgenerator.graph.transactionsPerSecond.exclude_controllers' not found, using default value 'false' instead.
2026-04-04 02:49:45,177 INFO o.a.j.r.c.ReportGeneratorConfiguration: Property 'jmeter.reportgenerator.graph.responseTimePercentiles.exclude_controllers' not found, using default value 'false' instead.
2026-04-04 02:49:45,178 INFO o.a.j.r.c.ReportGeneratorConfiguration: Property 'jmeter.reportgenerator.graph.responseTimePercentilesOverTime.exclude_controllers' not found, using default value 'false' instead.
2026-04-04 02:49:45,178 INFO o.a.j.r.c.ReportGeneratorConfiguration: Property 'jmeter.reportgenerator.graph.responseTimesOverTime.exclude_controllers' not found, using default value 'false' instead.
2026-04-04 02:49:45,178 INFO o.a.j.r.c.ReportGeneratorConfiguration: Property 'jmeter.reportgenerator.graph.connectTimeOverTime.exclude_controllers' not found, using default value 'false' instead.
2026-04-04 02:49:45,178 INFO o.a.j.r.c.ReportGeneratorConfiguration: Property 'jmeter.reportgenerator.graph.latenciesOverTime.exclude_controllers' not found, using default value 'false' instead.
2026-04-04 02:49:45,179 INFO o.a.j.r.c.ReportGeneratorConfiguration: Property 'jmeter.reportgenerator.exporter.json.filters_only_sample_series' not found, using default value 'true' instead.
2026-04-04 02:49:45,180 INFO o.a.j.r.c.ReportGeneratorConfiguration: Property 'jmeter.reportgenerator.exporter.json.series_filter' not found, using default value '' instead.
2026-04-04 02:49:45,180 INFO o.a.j.r.c.ReportGeneratorConfiguration: Property 'jmeter.reportgenerator.exporter.json.show_controllers_only' not found, using default value 'false' instead.
2026-04-04 02:49:45,180 INFO o.a.j.r.c.ReportGeneratorConfiguration: Property 'jmeter.reportgenerator.exporter.html.filters_only_sample_series' not found, using default value 'true' instead.
2026-04-04 02:49:45,180 INFO o.a.j.r.c.ReportGeneratorConfiguration: Property 'jmeter.reportgenerator.exporter.html.series_filter' not found, using default value '' instead.
2026-04-04 02:49:45,180 INFO o.a.j.r.c.ReportGeneratorConfiguration: Property 'jmeter.reportgenerator.exporter.html.show_controllers_only' not found, using default value 'false' instead.
2026-04-04 02:49:45,195 INFO o.a.j.e.StandardJMeterEngine: Running the test!
2026-04-04 02:49:45,196 INFO o.a.j.s.SampleEvent: List of sample_variables: []
2026-04-04 02:49:45,197 INFO o.a.j.s.SampleEvent: List of sample_variables: []
2026-04-04 02:49:45,200 INFO o.a.j.e.u.CompoundVariable: Note: Function class names must contain the string: '.functions.'
2026-04-04 02:49:45,201 INFO o.a.j.e.u.CompoundVariable: Note: Function class names must not contain the string: '.gui.'
2026-04-04 02:49:45,462 INFO o.a.j.JMeter: Running test (1775296185462)
2026-04-04 02:49:45,479 INFO o.a.j.e.StandardJMeterEngine: Starting ThreadGroup: 1 : Checkout Contention Users
2026-04-04 02:49:45,480 INFO o.a.j.e.StandardJMeterEngine: Starting 250 threads for group Checkout Contention Users.
2026-04-04 02:49:45,480 INFO o.a.j.e.StandardJMeterEngine: Thread will continue on error
2026-04-04 02:49:45,480 INFO o.a.j.t.ThreadGroup: Starting thread group... number=1 threads=250 ramp-up=5 delayedStart=false
2026-04-04 02:49:45,492 INFO o.a.j.t.JMeterThread: Thread started: Checkout Contention Users 1-1
2026-04-04 02:49:45,494 INFO o.a.j.s.FileServer: Stored: /home/keishi/tru/web_seng4640/loadTest/stg-loadtest-users.csv
2026-04-04 02:49:45,510 INFO o.a.j.t.JMeterThread: Thread started: Checkout Contention Users 1-2
2026-04-04 02:49:45,528 INFO o.a.j.t.JMeterThread: Thread started: Checkout Contention Users 1-3
2026-04-04 02:49:45,547 INFO o.a.j.t.JMeterThread: Thread started: Checkout Contention Users 1-4
2026-04-04 02:49:45,565 INFO o.a.j.t.JMeterThread: Thread started: Checkout Contention Users 1-5
2026-04-04 02:49:45,585 INFO o.a.j.t.JMeterThread: Thread started: Checkout Contention Users 1-6
2026-04-04 02:49:45,603 INFO o.a.j.t.JMeterThread: Thread started: Checkout Contention Users 1-7
2026-04-04 02:49:45,623 INFO o.a.j.t.JMeterThread: Thread started: Checkout Contention Users 1-8
2026-04-04 02:49:45,637 INFO o.a.j.t.ThreadGroup: Started thread group number 1
2026-04-04 02:49:45,637 INFO o.a.j.e.StandardJMeterEngine: All thread groups have been started
2026-04-04 02:49:45,642 INFO o.a.j.t.JMeterThread: Thread started: Checkout Contention Users 1-9
2026-04-04 02:49:45,665 INFO o.a.j.t.JMeterThread: Thread started: Checkout Contention Users 1-10
2026-04-04 02:49:45,684 INFO o.a.j.t.JMeterThread: Thread started: Checkout Contention Users 1-11
2026-04-04 02:49:45,704 INFO o.a.j.t.JMeterThread: Thread started: Checkout Contention Users 1-12
2026-04-04 02:49:45,723 INFO o.a.j.t.JMeterThread: Thread started: Checkout Contention Users 1-13
2026-04-04 02:49:45,745 INFO o.a.j.t.JMeterThread: Thread started: Checkout Contention Users 1-14
2026-04-04 02:49:45,764 INFO o.a.j.t.JMeterThread: Thread started: Checkout Contention Users 1-15
2026-04-04 02:49:45,785 INFO o.a.j.t.JMeterThread: Thread started: Checkout Contention Users 1-16
2026-04-04 02:49:45,803 INFO o.a.j.t.JMeterThread: Thread started: Checkout Contention Users 1-17
2026-04-04 02:49:45,823 INFO o.a.j.t.JMeterThread: Thread started: Checkout Contention Users 1-18
2026-04-04 02:49:45,844 INFO o.a.j.t.JMeterThread: Thread started: Checkout Contention Users 1-19
2026-04-04 02:49:45,863 INFO o.a.j.t.JMeterThread: Thread started: Checkout Contention Users 1-20
2026-04-04 02:49:45,883 INFO o.a.j.t.JMeterThread: Thread started: Checkout Contention Users 1-21
2026-04-04 02:49:45,903 INFO o.a.j.t.JMeterThread: Thread started: Checkout Contention Users 1-22
2026-04-04 02:49:45,923 INFO o.a.j.t.JMeterThread: Thread started: Checkout Contention Users 1-23
2026-04-04 02:49:45,942 INFO o.a.j.t.JMeterThread: Thread started: Checkout Contention Users 1-24
2026-04-04 02:49:45,962 INFO o.a.j.t.JMeterThread: Thread started: Checkout Contention Users 1-25
2026-04-04 02:49:45,985 INFO o.a.j.t.JMeterThread: Thread started: Checkout Contention Users 1-26
2026-04-04 02:49:46,002 INFO o.a.j.t.JMeterThread: Thread started: Checkout Contention Users 1-27
2026-04-04 02:49:46,023 INFO o.a.j.t.JMeterThread: Thread started: Checkout Contention Users 1-28
2026-04-04 02:49:46,042 INFO o.a.j.t.JMeterThread: Thread started: Checkout Contention Users 1-29
2026-04-04 02:49:46,062 INFO o.a.j.t.JMeterThread: Thread started: Checkout Contention Users 1-30
2026-04-04 02:49:46,082 INFO o.a.j.t.JMeterThread: Thread started: Checkout Contention Users 1-31
2026-04-04 02:49:46,102 INFO o.a.j.t.JMeterThread: Thread started: Checkout Contention Users 1-32
2026-04-04 02:49:46,122 INFO o.a.j.t.JMeterThread: Thread started: Checkout Contention Users 1-33
2026-04-04 02:49:46,142 INFO o.a.j.t.JMeterThread: Thread started: Checkout Contention Users 1-34
2026-04-04 02:49:46,162 INFO o.a.j.t.JMeterThread: Thread started: Checkout Contention Users 1-35
2026-04-04 02:49:46,183 INFO o.a.j.t.JMeterThread: Thread started: Checkout Contention Users 1-36
2026-04-04 02:49:46,202 INFO o.a.j.t.JMeterThread: Thread started: Checkout Contention Users 1-37
2026-04-04 02:49:46,222 INFO o.a.j.t.JMeterThread: Thread started: Checkout Contention Users 1-38
2026-04-04 02:49:46,243 INFO o.a.j.t.JMeterThread: Thread started: Checkout Contention Users 1-39
2026-04-04 02:49:46,262 INFO o.a.j.t.JMeterThread: Thread started: Checkout Contention Users 1-40
2026-04-04 02:49:46,282 INFO o.a.j.t.JMeterThread: Thread started: Checkout Contention Users 1-41
2026-04-04 02:49:46,302 INFO o.a.j.t.JMeterThread: Thread started: Checkout Contention Users 1-42
2026-04-04 02:49:46,322 INFO o.a.j.t.JMeterThread: Thread started: Checkout Contention Users 1-43
2026-04-04 02:49:46,342 INFO o.a.j.t.JMeterThread: Thread started: Checkout Contention Users 1-44
2026-04-04 02:49:46,363 INFO o.a.j.t.JMeterThread: Thread started: Checkout Contention Users 1-45
2026-04-04 02:49:46,382 INFO o.a.j.t.JMeterThread: Thread started: Checkout Contention Users 1-46
2026-04-04 02:49:46,402 INFO o.a.j.t.JMeterThread: Thread started: Checkout Contention Users 1-47
2026-04-04 02:49:46,423 INFO o.a.j.t.JMeterThread: Thread started: Checkout Contention Users 1-48
2026-04-04 02:49:46,443 INFO o.a.j.t.JMeterThread: Thread started: Checkout Contention Users 1-49
2026-04-04 02:49:46,462 INFO o.a.j.t.JMeterThread: Thread started: Checkout Contention Users 1-50
2026-04-04 02:49:46,482 INFO o.a.j.t.JMeterThread: Thread started: Checkout Contention Users 1-51
2026-04-04 02:49:46,502 INFO o.a.j.t.JMeterThread: Thread started: Checkout Contention Users 1-52
2026-04-04 02:49:46,521 INFO o.a.j.t.JMeterThread: Thread started: Checkout Contention Users 1-53
2026-04-04 02:49:46,542 INFO o.a.j.t.JMeterThread: Thread started: Checkout Contention Users 1-54
2026-04-04 02:49:46,561 INFO o.a.j.t.JMeterThread: Thread started: Checkout Contention Users 1-55
2026-04-04 02:49:46,582 INFO o.a.j.t.JMeterThread: Thread started: Checkout Contention Users 1-56
2026-04-04 02:49:46,603 INFO o.a.j.t.JMeterThread: Thread started: Checkout Contention Users 1-57
2026-04-04 02:49:46,622 INFO o.a.j.t.JMeterThread: Thread started: Checkout Contention Users 1-58
2026-04-04 02:49:46,643 INFO o.a.j.t.JMeterThread: Thread started: Checkout Contention Users 1-59
2026-04-04 02:49:46,663 INFO o.a.j.t.JMeterThread: Thread started: Checkout Contention Users 1-60
2026-04-04 02:49:46,682 INFO o.a.j.t.JMeterThread: Thread started: Checkout Contention Users 1-61
2026-04-04 02:49:46,703 INFO o.a.j.t.JMeterThread: Thread started: Checkout Contention Users 1-62
2026-04-04 02:49:46,722 INFO o.a.j.t.JMeterThread: Thread started: Checkout Contention Users 1-63
2026-04-04 02:49:46,742 INFO o.a.j.t.JMeterThread: Thread started: Checkout Contention Users 1-64
2026-04-04 02:49:46,763 INFO o.a.j.t.JMeterThread: Thread started: Checkout Contention Users 1-65
2026-04-04 02:49:46,782 INFO o.a.j.t.JMeterThread: Thread started: Checkout Contention Users 1-66
2026-04-04 02:49:46,803 INFO o.a.j.t.JMeterThread: Thread started: Checkout Contention Users 1-67
2026-04-04 02:49:46,822 INFO o.a.j.t.JMeterThread: Thread started: Checkout Contention Users 1-68
2026-04-04 02:49:46,841 INFO o.a.j.t.JMeterThread: Thread started: Checkout Contention Users 1-69
2026-04-04 02:49:46,862 INFO o.a.j.t.JMeterThread: Thread started: Checkout Contention Users 1-70
2026-04-04 02:49:46,882 INFO o.a.j.t.JMeterThread: Thread started: Checkout Contention Users 1-71
2026-04-04 02:49:46,901 INFO o.a.j.t.JMeterThread: Thread started: Checkout Contention Users 1-72
2026-04-04 02:49:46,922 INFO o.a.j.t.JMeterThread: Thread started: Checkout Contention Users 1-73
2026-04-04 02:49:46,942 INFO o.a.j.t.JMeterThread: Thread started: Checkout Contention Users 1-74
2026-04-04 02:49:46,962 INFO o.a.j.t.JMeterThread: Thread started: Checkout Contention Users 1-75
2026-04-04 02:49:46,982 INFO o.a.j.t.JMeterThread: Thread started: Checkout Contention Users 1-76
2026-04-04 02:49:47,002 INFO o.a.j.t.JMeterThread: Thread started: Checkout Contention Users 1-77
2026-04-04 02:49:47,022 INFO o.a.j.t.JMeterThread: Thread started: Checkout Contention Users 1-78
2026-04-04 02:49:47,042 INFO o.a.j.t.JMeterThread: Thread started: Checkout Contention Users 1-79
2026-04-04 02:49:47,063 INFO o.a.j.t.JMeterThread: Thread started: Checkout Contention Users 1-80
2026-04-04 02:49:47,082 INFO o.a.j.t.JMeterThread: Thread started: Checkout Contention Users 1-81
2026-04-04 02:49:47,103 INFO o.a.j.t.JMeterThread: Thread started: Checkout Contention Users 1-82
2026-04-04 02:49:47,122 INFO o.a.j.t.JMeterThread: Thread started: Checkout Contention Users 1-83
2026-04-04 02:49:47,143 INFO o.a.j.t.JMeterThread: Thread started: Checkout Contention Users 1-84
2026-04-04 02:49:47,162 INFO o.a.j.t.JMeterThread: Thread started: Checkout Contention Users 1-85
2026-04-04 02:49:47,183 INFO o.a.j.t.JMeterThread: Thread started: Checkout Contention Users 1-86
2026-04-04 02:49:47,202 INFO o.a.j.t.JMeterThread: Thread started: Checkout Contention Users 1-87
2026-04-04 02:49:47,222 INFO o.a.j.t.JMeterThread: Thread started: Checkout Contention Users 1-88
2026-04-04 02:49:47,242 INFO o.a.j.t.JMeterThread: Thread started: Checkout Contention Users 1-89
2026-04-04 02:49:47,262 INFO o.a.j.t.JMeterThread: Thread started: Checkout Contention Users 1-90
2026-04-04 02:49:47,282 INFO o.a.j.t.JMeterThread: Thread started: Checkout Contention Users 1-91
2026-04-04 02:49:47,302 INFO o.a.j.t.JMeterThread: Thread started: Checkout Contention Users 1-92
2026-04-04 02:49:47,322 INFO o.a.j.t.JMeterThread: Thread started: Checkout Contention Users 1-93
2026-04-04 02:49:47,342 INFO o.a.j.t.JMeterThread: Thread started: Checkout Contention Users 1-94
2026-04-04 02:49:47,362 INFO o.a.j.t.JMeterThread: Thread started: Checkout Contention Users 1-95
2026-04-04 02:49:47,382 INFO o.a.j.t.JMeterThread: Thread started: Checkout Contention Users 1-96
2026-04-04 02:49:47,402 INFO o.a.j.t.JMeterThread: Thread started: Checkout Contention Users 1-97
2026-04-04 02:49:47,423 INFO o.a.j.t.JMeterThread: Thread started: Checkout Contention Users 1-98
2026-04-04 02:49:47,441 INFO o.a.j.t.JMeterThread: Thread started: Checkout Contention Users 1-99
2026-04-04 02:49:47,462 INFO o.a.j.t.JMeterThread: Thread started: Checkout Contention Users 1-100
2026-04-04 02:49:47,481 INFO o.a.j.t.JMeterThread: Thread started: Checkout Contention Users 1-101
2026-04-04 02:49:47,502 INFO o.a.j.t.JMeterThread: Thread started: Checkout Contention Users 1-102
2026-04-04 02:49:47,522 INFO o.a.j.t.JMeterThread: Thread started: Checkout Contention Users 1-103
2026-04-04 02:49:47,542 INFO o.a.j.t.JMeterThread: Thread started: Checkout Contention Users 1-104
2026-04-04 02:49:47,562 INFO o.a.j.t.JMeterThread: Thread started: Checkout Contention Users 1-105
2026-04-04 02:49:47,582 INFO o.a.j.t.JMeterThread: Thread started: Checkout Contention Users 1-106
2026-04-04 02:49:47,601 INFO o.a.j.t.JMeterThread: Thread started: Checkout Contention Users 1-107
2026-04-04 02:49:47,622 INFO o.a.j.t.JMeterThread: Thread started: Checkout Contention Users 1-108
2026-04-04 02:49:47,642 INFO o.a.j.t.JMeterThread: Thread started: Checkout Contention Users 1-109
2026-04-04 02:49:47,662 INFO o.a.j.t.JMeterThread: Thread started: Checkout Contention Users 1-110
2026-04-04 02:49:47,682 INFO o.a.j.t.JMeterThread: Thread started: Checkout Contention Users 1-111
2026-04-04 02:49:47,702 INFO o.a.j.t.JMeterThread: Thread started: Checkout Contention Users 1-112
2026-04-04 02:49:47,723 INFO o.a.j.t.JMeterThread: Thread started: Checkout Contention Users 1-113
2026-04-04 02:49:47,742 INFO o.a.j.t.JMeterThread: Thread started: Checkout Contention Users 1-114
2026-04-04 02:49:47,762 INFO o.a.j.t.JMeterThread: Thread started: Checkout Contention Users 1-115
2026-04-04 02:49:47,782 INFO o.a.j.t.JMeterThread: Thread started: Checkout Contention Users 1-116
2026-04-04 02:49:47,803 INFO o.a.j.t.JMeterThread: Thread started: Checkout Contention Users 1-117
2026-04-04 02:49:47,822 INFO o.a.j.t.JMeterThread: Thread started: Checkout Contention Users 1-118
2026-04-04 02:49:47,842 INFO o.a.j.t.JMeterThread: Thread started: Checkout Contention Users 1-119
2026-04-04 02:49:47,863 INFO o.a.j.t.JMeterThread: Thread started: Checkout Contention Users 1-120
2026-04-04 02:49:47,882 INFO o.a.j.t.JMeterThread: Thread started: Checkout Contention Users 1-121
2026-04-04 02:49:47,902 INFO o.a.j.t.JMeterThread: Thread started: Checkout Contention Users 1-122
2026-04-04 02:49:47,922 INFO o.a.j.t.JMeterThread: Thread started: Checkout Contention Users 1-123
2026-04-04 02:49:47,942 INFO o.a.j.t.JMeterThread: Thread started: Checkout Contention Users 1-124
2026-04-04 02:49:47,962 INFO o.a.j.t.JMeterThread: Thread started: Checkout Contention Users 1-125
2026-04-04 02:49:47,984 INFO o.a.j.t.JMeterThread: Thread started: Checkout Contention Users 1-126
2026-04-04 02:49:48,002 INFO o.a.j.t.JMeterThread: Thread started: Checkout Contention Users 1-127
2026-04-04 02:49:48,024 INFO o.a.j.t.JMeterThread: Thread started: Checkout Contention Users 1-128
2026-04-04 02:49:48,042 INFO o.a.j.t.JMeterThread: Thread started: Checkout Contention Users 1-129
2026-04-04 02:49:48,062 INFO o.a.j.t.JMeterThread: Thread started: Checkout Contention Users 1-130
2026-04-04 02:49:48,082 INFO o.a.j.t.JMeterThread: Thread started: Checkout Contention Users 1-131
2026-04-04 02:49:48,103 INFO o.a.j.t.JMeterThread: Thread started: Checkout Contention Users 1-132
2026-04-04 02:49:48,123 INFO o.a.j.t.JMeterThread: Thread started: Checkout Contention Users 1-133
2026-04-04 02:49:48,142 INFO o.a.j.t.JMeterThread: Thread started: Checkout Contention Users 1-134
2026-04-04 02:49:48,162 INFO o.a.j.t.JMeterThread: Thread started: Checkout Contention Users 1-135
2026-04-04 02:49:48,182 INFO o.a.j.t.JMeterThread: Thread started: Checkout Contention Users 1-136
2026-04-04 02:49:48,201 INFO o.a.j.t.JMeterThread: Thread started: Checkout Contention Users 1-137
2026-04-04 02:49:48,222 INFO o.a.j.t.JMeterThread: Thread started: Checkout Contention Users 1-138
2026-04-04 02:49:48,242 INFO o.a.j.t.JMeterThread: Thread started: Checkout Contention Users 1-139
2026-04-04 02:49:48,261 INFO o.a.j.t.JMeterThread: Thread started: Checkout Contention Users 1-140
2026-04-04 02:49:48,282 INFO o.a.j.t.JMeterThread: Thread started: Checkout Contention Users 1-141
2026-04-04 02:49:48,302 INFO o.a.j.t.JMeterThread: Thread started: Checkout Contention Users 1-142
2026-04-04 02:49:48,323 INFO o.a.j.t.JMeterThread: Thread started: Checkout Contention Users 1-143
2026-04-04 02:49:48,342 INFO o.a.j.t.JMeterThread: Thread started: Checkout Contention Users 1-144
2026-04-04 02:49:48,362 INFO o.a.j.t.JMeterThread: Thread started: Checkout Contention Users 1-145
2026-04-04 02:49:48,382 INFO o.a.j.t.JMeterThread: Thread started: Checkout Contention Users 1-146
2026-04-04 02:49:48,402 INFO o.a.j.t.JMeterThread: Thread started: Checkout Contention Users 1-147
2026-04-04 02:49:48,422 INFO o.a.j.t.JMeterThread: Thread started: Checkout Contention Users 1-148
2026-04-04 02:49:48,442 INFO o.a.j.t.JMeterThread: Thread started: Checkout Contention Users 1-149
2026-04-04 02:49:48,462 INFO o.a.j.t.JMeterThread: Thread started: Checkout Contention Users 1-150
2026-04-04 02:49:48,483 INFO o.a.j.t.JMeterThread: Thread started: Checkout Contention Users 1-151
2026-04-04 02:49:48,502 INFO o.a.j.t.JMeterThread: Thread started: Checkout Contention Users 1-152
2026-04-04 02:49:48,522 INFO o.a.j.t.JMeterThread: Thread started: Checkout Contention Users 1-153
2026-04-04 02:49:48,541 INFO o.a.j.t.JMeterThread: Thread started: Checkout Contention Users 1-154
2026-04-04 02:49:48,562 INFO o.a.j.t.JMeterThread: Thread started: Checkout Contention Users 1-155
2026-04-04 02:49:48,582 INFO o.a.j.t.JMeterThread: Thread started: Checkout Contention Users 1-156
2026-04-04 02:49:48,602 INFO o.a.j.t.JMeterThread: Thread started: Checkout Contention Users 1-157
2026-04-04 02:49:48,621 INFO o.a.j.t.JMeterThread: Thread started: Checkout Contention Users 1-158
2026-04-04 02:49:48,642 INFO o.a.j.t.JMeterThread: Thread started: Checkout Contention Users 1-159
2026-04-04 02:49:48,663 INFO o.a.j.t.JMeterThread: Thread started: Checkout Contention Users 1-160
2026-04-04 02:49:48,682 INFO o.a.j.t.JMeterThread: Thread started: Checkout Contention Users 1-161
2026-04-04 02:49:48,702 INFO o.a.j.t.JMeterThread: Thread started: Checkout Contention Users 1-162
2026-04-04 02:49:48,722 INFO o.a.j.t.JMeterThread: Thread started: Checkout Contention Users 1-163
2026-04-04 02:49:48,743 INFO o.a.j.t.JMeterThread: Thread started: Checkout Contention Users 1-164
2026-04-04 02:49:48,763 INFO o.a.j.t.JMeterThread: Thread started: Checkout Contention Users 1-165
2026-04-04 02:49:48,781 INFO o.a.j.t.JMeterThread: Thread started: Checkout Contention Users 1-166
2026-04-04 02:49:48,803 INFO o.a.j.t.JMeterThread: Thread started: Checkout Contention Users 1-167
2026-04-04 02:49:48,821 INFO o.a.j.t.JMeterThread: Thread started: Checkout Contention Users 1-168
2026-04-04 02:49:48,843 INFO o.a.j.t.JMeterThread: Thread started: Checkout Contention Users 1-169
2026-04-04 02:49:48,867 INFO o.a.j.t.JMeterThread: Thread started: Checkout Contention Users 1-170
2026-04-04 02:49:48,887 INFO o.a.j.t.JMeterThread: Thread started: Checkout Contention Users 1-171
2026-04-04 02:49:48,901 INFO o.a.j.t.JMeterThread: Thread started: Checkout Contention Users 1-172
2026-04-04 02:49:48,923 INFO o.a.j.t.JMeterThread: Thread started: Checkout Contention Users 1-173
2026-04-04 02:49:48,941 INFO o.a.j.t.JMeterThread: Thread started: Checkout Contention Users 1-174
2026-04-04 02:49:48,963 INFO o.a.j.t.JMeterThread: Thread started: Checkout Contention Users 1-175
2026-04-04 02:49:48,981 INFO o.a.j.t.JMeterThread: Thread started: Checkout Contention Users 1-176
2026-04-04 02:49:49,003 INFO o.a.j.t.JMeterThread: Thread started: Checkout Contention Users 1-177
2026-04-04 02:49:49,021 INFO o.a.j.t.JMeterThread: Thread started: Checkout Contention Users 1-178
2026-04-04 02:49:49,043 INFO o.a.j.t.JMeterThread: Thread started: Checkout Contention Users 1-179
2026-04-04 02:49:49,062 INFO o.a.j.t.JMeterThread: Thread started: Checkout Contention Users 1-180
2026-04-04 02:49:49,082 INFO o.a.j.t.JMeterThread: Thread started: Checkout Contention Users 1-181
2026-04-04 02:49:49,101 INFO o.a.j.t.JMeterThread: Thread started: Checkout Contention Users 1-182
2026-04-04 02:49:49,122 INFO o.a.j.t.JMeterThread: Thread started: Checkout Contention Users 1-183
2026-04-04 02:49:49,141 INFO o.a.j.t.JMeterThread: Thread started: Checkout Contention Users 1-184
2026-04-04 02:49:49,161 INFO o.a.j.t.JMeterThread: Thread started: Checkout Contention Users 1-185
2026-04-04 02:49:49,182 INFO o.a.j.t.JMeterThread: Thread started: Checkout Contention Users 1-186
2026-04-04 02:49:49,202 INFO o.a.j.t.JMeterThread: Thread started: Checkout Contention Users 1-187
2026-04-04 02:49:49,222 INFO o.a.j.t.JMeterThread: Thread started: Checkout Contention Users 1-188
2026-04-04 02:49:49,242 INFO o.a.j.t.JMeterThread: Thread started: Checkout Contention Users 1-189
2026-04-04 02:49:49,262 INFO o.a.j.t.JMeterThread: Thread started: Checkout Contention Users 1-190
2026-04-04 02:49:49,282 INFO o.a.j.t.JMeterThread: Thread started: Checkout Contention Users 1-191
2026-04-04 02:49:49,302 INFO o.a.j.t.JMeterThread: Thread started: Checkout Contention Users 1-192
2026-04-04 02:49:49,321 INFO o.a.j.t.JMeterThread: Thread started: Checkout Contention Users 1-193
2026-04-04 02:49:49,342 INFO o.a.j.t.JMeterThread: Thread started: Checkout Contention Users 1-194
2026-04-04 02:49:49,362 INFO o.a.j.t.JMeterThread: Thread started: Checkout Contention Users 1-195
2026-04-04 02:49:49,382 INFO o.a.j.t.JMeterThread: Thread started: Checkout Contention Users 1-196
2026-04-04 02:49:49,402 INFO o.a.j.t.JMeterThread: Thread started: Checkout Contention Users 1-197
2026-04-04 02:49:49,423 INFO o.a.j.t.JMeterThread: Thread started: Checkout Contention Users 1-198
2026-04-04 02:49:49,442 INFO o.a.j.t.JMeterThread: Thread started: Checkout Contention Users 1-199
2026-04-04 02:49:49,461 INFO o.a.j.t.JMeterThread: Thread started: Checkout Contention Users 1-200
2026-04-04 02:49:49,483 INFO o.a.j.t.JMeterThread: Thread started: Checkout Contention Users 1-201
2026-04-04 02:49:49,502 INFO o.a.j.t.JMeterThread: Thread started: Checkout Contention Users 1-202
2026-04-04 02:49:49,522 INFO o.a.j.t.JMeterThread: Thread started: Checkout Contention Users 1-203
2026-04-04 02:49:49,541 INFO o.a.j.t.JMeterThread: Thread started: Checkout Contention Users 1-204
2026-04-04 02:49:49,562 INFO o.a.j.t.JMeterThread: Thread started: Checkout Contention Users 1-205
2026-04-04 02:49:49,581 INFO o.a.j.t.JMeterThread: Thread started: Checkout Contention Users 1-206
2026-04-04 02:49:49,602 INFO o.a.j.t.JMeterThread: Thread started: Checkout Contention Users 1-207
2026-04-04 02:49:49,623 INFO o.a.j.t.JMeterThread: Thread started: Checkout Contention Users 1-208
2026-04-04 02:49:49,641 INFO o.a.j.t.JMeterThread: Thread started: Checkout Contention Users 1-209
2026-04-04 02:49:49,662 INFO o.a.j.t.JMeterThread: Thread started: Checkout Contention Users 1-210
2026-04-04 02:49:49,682 INFO o.a.j.t.JMeterThread: Thread started: Checkout Contention Users 1-211
2026-04-04 02:49:49,701 INFO o.a.j.t.JMeterThread: Thread started: Checkout Contention Users 1-212
2026-04-04 02:49:49,722 INFO o.a.j.t.JMeterThread: Thread started: Checkout Contention Users 1-213
2026-04-04 02:49:49,742 INFO o.a.j.t.JMeterThread: Thread started: Checkout Contention Users 1-214
2026-04-04 02:49:49,762 INFO o.a.j.t.JMeterThread: Thread started: Checkout Contention Users 1-215
2026-04-04 02:49:49,781 INFO o.a.j.t.JMeterThread: Thread started: Checkout Contention Users 1-216
2026-04-04 02:49:49,802 INFO o.a.j.t.JMeterThread: Thread started: Checkout Contention Users 1-217
2026-04-04 02:49:49,821 INFO o.a.j.t.JMeterThread: Thread started: Checkout Contention Users 1-218
2026-04-04 02:49:49,842 INFO o.a.j.t.JMeterThread: Thread started: Checkout Contention Users 1-219
2026-04-04 02:49:49,863 INFO o.a.j.t.JMeterThread: Thread started: Checkout Contention Users 1-220
2026-04-04 02:49:49,881 INFO o.a.j.t.JMeterThread: Thread started: Checkout Contention Users 1-221
2026-04-04 02:49:49,902 INFO o.a.j.t.JMeterThread: Thread started: Checkout Contention Users 1-222
2026-04-04 02:49:49,923 INFO o.a.j.t.JMeterThread: Thread started: Checkout Contention Users 1-223
2026-04-04 02:49:49,941 INFO o.a.j.t.JMeterThread: Thread started: Checkout Contention Users 1-224
2026-04-04 02:49:49,963 INFO o.a.j.t.JMeterThread: Thread started: Checkout Contention Users 1-225
2026-04-04 02:49:49,981 INFO o.a.j.t.JMeterThread: Thread started: Checkout Contention Users 1-226
2026-04-04 02:49:50,003 INFO o.a.j.t.JMeterThread: Thread started: Checkout Contention Users 1-227
2026-04-04 02:49:50,021 INFO o.a.j.t.JMeterThread: Thread started: Checkout Contention Users 1-228
2026-04-04 02:49:50,041 INFO o.a.j.t.JMeterThread: Thread started: Checkout Contention Users 1-229
2026-04-04 02:49:50,062 INFO o.a.j.t.JMeterThread: Thread started: Checkout Contention Users 1-230
2026-04-04 02:49:50,081 INFO o.a.j.t.JMeterThread: Thread started: Checkout Contention Users 1-231
2026-04-04 02:49:50,102 INFO o.a.j.t.JMeterThread: Thread started: Checkout Contention Users 1-232
2026-04-04 02:49:50,122 INFO o.a.j.t.JMeterThread: Thread started: Checkout Contention Users 1-233
2026-04-04 02:49:50,142 INFO o.a.j.t.JMeterThread: Thread started: Checkout Contention Users 1-234
2026-04-04 02:49:50,163 INFO o.a.j.t.JMeterThread: Thread started: Checkout Contention Users 1-235
2026-04-04 02:49:50,183 INFO o.a.j.t.JMeterThread: Thread started: Checkout Contention Users 1-236
2026-04-04 02:49:50,202 INFO o.a.j.t.JMeterThread: Thread started: Checkout Contention Users 1-237
2026-04-04 02:49:50,223 INFO o.a.j.t.JMeterThread: Thread started: Checkout Contention Users 1-238
2026-04-04 02:49:50,241 INFO o.a.j.t.JMeterThread: Thread started: Checkout Contention Users 1-239
2026-04-04 02:49:50,262 INFO o.a.j.t.JMeterThread: Thread started: Checkout Contention Users 1-240
2026-04-04 02:49:50,281 INFO o.a.j.t.JMeterThread: Thread started: Checkout Contention Users 1-241
2026-04-04 02:49:50,302 INFO o.a.j.t.JMeterThread: Thread started: Checkout Contention Users 1-242
2026-04-04 02:49:50,322 INFO o.a.j.t.JMeterThread: Thread started: Checkout Contention Users 1-243
2026-04-04 02:49:50,342 INFO o.a.j.t.JMeterThread: Thread started: Checkout Contention Users 1-244
2026-04-04 02:49:50,362 INFO o.a.j.t.JMeterThread: Thread started: Checkout Contention Users 1-245
2026-04-04 02:49:50,382 INFO o.a.j.t.JMeterThread: Thread started: Checkout Contention Users 1-246
2026-04-04 02:49:50,402 INFO o.a.j.t.JMeterThread: Thread started: Checkout Contention Users 1-247
2026-04-04 02:49:50,423 INFO o.a.j.t.JMeterThread: Thread started: Checkout Contention Users 1-248
2026-04-04 02:49:50,442 INFO o.a.j.t.JMeterThread: Thread started: Checkout Contention Users 1-249
2026-04-04 02:49:50,461 INFO o.a.j.t.JMeterThread: Thread started: Checkout Contention Users 1-250
2026-04-04 02:49:50,482 INFO o.a.j.p.h.s.HTTPHCAbstractImpl: Local host = ProartP16-2024-RESET-202603
2026-04-04 02:49:50,486 INFO o.a.j.p.h.s.HTTPHC4Impl: HTTP request retry count = 0
2026-04-04 02:49:50,487 INFO o.a.j.s.SampleResult: Note: Sample TimeStamps are START times
2026-04-04 02:49:50,487 INFO o.a.j.s.SampleResult: sampleresult.default.encoding is set to UTF-8
2026-04-04 02:49:50,487 INFO o.a.j.s.SampleResult: sampleresult.useNanoTime=true
2026-04-04 02:49:50,487 INFO o.a.j.s.SampleResult: sampleresult.nanoThreadSleep=5000
2026-04-04 02:50:00,146 INFO o.a.j.r.Summariser: summary +    167 in 00:00:15 =   11.4/s Avg:  5089 Min:   582 Max:  9541 Err:    37 (22.16%) Active: 250 Started: 250 Finished: 0
2026-04-04 02:50:04,875 INFO o.a.j.t.JMeterThread: Thread is done: Checkout Contention Users 1-232
2026-04-04 02:50:04,875 INFO o.a.j.t.JMeterThread: Thread is done: Checkout Contention Users 1-219
2026-04-04 02:50:04,875 INFO o.a.j.t.JMeterThread: Thread finished: Checkout Contention Users 1-219
2026-04-04 02:50:04,875 INFO o.a.j.t.JMeterThread: Thread finished: Checkout Contention Users 1-232
2026-04-04 02:50:04,875 INFO o.a.j.t.JMeterThread: Thread is done: Checkout Contention Users 1-234
2026-04-04 02:50:04,875 INFO o.a.j.t.JMeterThread: Thread is done: Checkout Contention Users 1-240
2026-04-04 02:50:04,875 INFO o.a.j.t.JMeterThread: Thread finished: Checkout Contention Users 1-234
2026-04-04 02:50:04,876 INFO o.a.j.t.JMeterThread: Thread finished: Checkout Contention Users 1-240
2026-04-04 02:50:04,875 INFO o.a.j.t.JMeterThread: Thread is done: Checkout Contention Users 1-215
2026-04-04 02:50:04,876 INFO o.a.j.t.JMeterThread: Thread is done: Checkout Contention Users 1-216
2026-04-04 02:50:04,876 INFO o.a.j.t.JMeterThread: Thread finished: Checkout Contention Users 1-215
2026-04-04 02:50:04,876 INFO o.a.j.t.JMeterThread: Thread finished: Checkout Contention Users 1-216
2026-04-04 02:50:04,876 INFO o.a.j.t.JMeterThread: Thread is done: Checkout Contention Users 1-204
2026-04-04 02:50:04,876 INFO o.a.j.t.JMeterThread: Thread finished: Checkout Contention Users 1-204
2026-04-04 02:50:04,876 INFO o.a.j.t.JMeterThread: Thread is done: Checkout Contention Users 1-202
2026-04-04 02:50:04,876 INFO o.a.j.t.JMeterThread: Thread is done: Checkout Contention Users 1-210
2026-04-04 02:50:04,876 INFO o.a.j.t.JMeterThread: Thread is done: Checkout Contention Users 1-227
2026-04-04 02:50:04,876 INFO o.a.j.t.JMeterThread: Thread is done: Checkout Contention Users 1-206
2026-04-04 02:50:04,876 INFO o.a.j.t.JMeterThread: Thread is done: Checkout Contention Users 1-243
2026-04-04 02:50:04,876 INFO o.a.j.t.JMeterThread: Thread finished: Checkout Contention Users 1-206
2026-04-04 02:50:04,876 INFO o.a.j.t.JMeterThread: Thread finished: Checkout Contention Users 1-243
2026-04-04 02:50:04,876 INFO o.a.j.t.JMeterThread: Thread is done: Checkout Contention Users 1-250
2026-04-04 02:50:04,875 INFO o.a.j.t.JMeterThread: Thread is done: Checkout Contention Users 1-238
2026-04-04 02:50:04,876 INFO o.a.j.t.JMeterThread: Thread is done: Checkout Contention Users 1-244
2026-04-04 02:50:04,876 INFO o.a.j.t.JMeterThread: Thread finished: Checkout Contention Users 1-238
2026-04-04 02:50:04,876 INFO o.a.j.t.JMeterThread: Thread finished: Checkout Contention Users 1-244
2026-04-04 02:50:04,876 INFO o.a.j.t.JMeterThread: Thread is done: Checkout Contention Users 1-222
2026-04-04 02:50:04,876 INFO o.a.j.t.JMeterThread: Thread is done: Checkout Contention Users 1-242
2026-04-04 02:50:04,876 INFO o.a.j.t.JMeterThread: Thread is done: Checkout Contention Users 1-247
2026-04-04 02:50:04,876 INFO o.a.j.t.JMeterThread: Thread is done: Checkout Contention Users 1-209
2026-04-04 02:50:04,876 INFO o.a.j.t.JMeterThread: Thread finished: Checkout Contention Users 1-227
2026-04-04 02:50:04,877 INFO o.a.j.t.JMeterThread: Thread is done: Checkout Contention Users 1-217
2026-04-04 02:50:04,876 INFO o.a.j.t.JMeterThread: Thread finished: Checkout Contention Users 1-210
2026-04-04 02:50:04,876 INFO o.a.j.t.JMeterThread: Thread is done: Checkout Contention Users 1-225
2026-04-04 02:50:04,878 INFO o.a.j.t.JMeterThread: Thread is done: Checkout Contention Users 1-221
2026-04-04 02:50:04,878 INFO o.a.j.t.JMeterThread: Thread is done: Checkout Contention Users 1-230
2026-04-04 02:50:04,876 INFO o.a.j.t.JMeterThread: Thread finished: Checkout Contention Users 1-202
2026-04-04 02:50:04,878 INFO o.a.j.t.JMeterThread: Thread finished: Checkout Contention Users 1-221
2026-04-04 02:50:04,875 INFO o.a.j.t.JMeterThread: Thread is done: Checkout Contention Users 1-212
2026-04-04 02:50:04,878 INFO o.a.j.t.JMeterThread: Thread is done: Checkout Contention Users 1-248
2026-04-04 02:50:04,879 INFO o.a.j.t.JMeterThread: Thread is done: Checkout Contention Users 1-224
2026-04-04 02:50:04,879 INFO o.a.j.t.JMeterThread: Thread finished: Checkout Contention Users 1-212
2026-04-04 02:50:04,879 INFO o.a.j.t.JMeterThread: Thread is done: Checkout Contention Users 1-237
2026-04-04 02:50:04,878 INFO o.a.j.t.JMeterThread: Thread finished: Checkout Contention Users 1-225
2026-04-04 02:50:04,879 INFO o.a.j.t.JMeterThread: Thread is done: Checkout Contention Users 1-239
2026-04-04 02:50:04,879 INFO o.a.j.t.JMeterThread: Thread finished: Checkout Contention Users 1-239
2026-04-04 02:50:04,877 INFO o.a.j.t.JMeterThread: Thread finished: Checkout Contention Users 1-247
2026-04-04 02:50:04,879 INFO o.a.j.t.JMeterThread: Thread finished: Checkout Contention Users 1-230
2026-04-04 02:50:04,879 INFO o.a.j.t.JMeterThread: Thread finished: Checkout Contention Users 1-217
2026-04-04 02:50:04,879 INFO o.a.j.t.JMeterThread: Thread is done: Checkout Contention Users 1-208
2026-04-04 02:50:04,877 INFO o.a.j.t.JMeterThread: Thread finished: Checkout Contention Users 1-209
2026-04-04 02:50:04,880 INFO o.a.j.t.JMeterThread: Thread finished: Checkout Contention Users 1-208
2026-04-04 02:50:04,876 INFO o.a.j.t.JMeterThread: Thread finished: Checkout Contention Users 1-222
2026-04-04 02:50:04,876 INFO o.a.j.t.JMeterThread: Thread is done: Checkout Contention Users 1-226
2026-04-04 02:50:04,880 INFO o.a.j.t.JMeterThread: Thread is done: Checkout Contention Users 1-205
2026-04-04 02:50:04,876 INFO o.a.j.t.JMeterThread: Thread is done: Checkout Contention Users 1-218
2026-04-04 02:50:04,880 INFO o.a.j.t.JMeterThread: Thread finished: Checkout Contention Users 1-226
2026-04-04 02:50:04,880 INFO o.a.j.t.JMeterThread: Thread finished: Checkout Contention Users 1-205
2026-04-04 02:50:04,876 INFO o.a.j.t.JMeterThread: Thread finished: Checkout Contention Users 1-250
2026-04-04 02:50:04,880 INFO o.a.j.t.JMeterThread: Thread finished: Checkout Contention Users 1-242
2026-04-04 02:50:04,880 INFO o.a.j.t.JMeterThread: Thread is done: Checkout Contention Users 1-207
2026-04-04 02:50:04,880 INFO o.a.j.t.JMeterThread: Thread is done: Checkout Contention Users 1-228
2026-04-04 02:50:04,880 INFO o.a.j.t.JMeterThread: Thread finished: Checkout Contention Users 1-218
2026-04-04 02:50:04,880 INFO o.a.j.t.JMeterThread: Thread finished: Checkout Contention Users 1-228
2026-04-04 02:50:04,879 INFO o.a.j.t.JMeterThread: Thread is done: Checkout Contention Users 1-220
2026-04-04 02:50:04,880 INFO o.a.j.t.JMeterThread: Thread finished: Checkout Contention Users 1-220
2026-04-04 02:50:04,879 INFO o.a.j.t.JMeterThread: Thread is done: Checkout Contention Users 1-214
2026-04-04 02:50:04,881 INFO o.a.j.t.JMeterThread: Thread is done: Checkout Contention Users 1-213
2026-04-04 02:50:04,881 INFO o.a.j.t.JMeterThread: Thread is done: Checkout Contention Users 1-203
2026-04-04 02:50:04,881 INFO o.a.j.t.JMeterThread: Thread finished: Checkout Contention Users 1-214
2026-04-04 02:50:04,879 INFO o.a.j.t.JMeterThread: Thread finished: Checkout Contention Users 1-224
2026-04-04 02:50:04,881 INFO o.a.j.t.JMeterThread: Thread finished: Checkout Contention Users 1-203
2026-04-04 02:50:04,881 INFO o.a.j.t.JMeterThread: Thread is done: Checkout Contention Users 1-229
2026-04-04 02:50:04,881 INFO o.a.j.t.JMeterThread: Thread finished: Checkout Contention Users 1-213
2026-04-04 02:50:04,879 INFO o.a.j.t.JMeterThread: Thread is done: Checkout Contention Users 1-236
2026-04-04 02:50:04,881 INFO o.a.j.t.JMeterThread: Thread finished: Checkout Contention Users 1-237
2026-04-04 02:50:04,879 INFO o.a.j.t.JMeterThread: Thread finished: Checkout Contention Users 1-248
2026-04-04 02:50:04,881 INFO o.a.j.t.JMeterThread: Thread is done: Checkout Contention Users 1-201
2026-04-04 02:50:04,881 INFO o.a.j.t.JMeterThread: Thread finished: Checkout Contention Users 1-201
2026-04-04 02:50:04,881 INFO o.a.j.t.JMeterThread: Thread is done: Checkout Contention Users 1-231
2026-04-04 02:50:04,882 INFO o.a.j.t.JMeterThread: Thread finished: Checkout Contention Users 1-231
2026-04-04 02:50:04,880 INFO o.a.j.t.JMeterThread: Thread is done: Checkout Contention Users 1-211
2026-04-04 02:50:04,882 INFO o.a.j.t.JMeterThread: Thread finished: Checkout Contention Users 1-207
2026-04-04 02:50:04,882 INFO o.a.j.t.JMeterThread: Thread is done: Checkout Contention Users 1-233
2026-04-04 02:50:04,881 INFO o.a.j.t.JMeterThread: Thread is done: Checkout Contention Users 1-246
2026-04-04 02:50:04,881 INFO o.a.j.t.JMeterThread: Thread finished: Checkout Contention Users 1-229
2026-04-04 02:50:04,882 INFO o.a.j.t.JMeterThread: Thread finished: Checkout Contention Users 1-233
2026-04-04 02:50:04,881 INFO o.a.j.t.JMeterThread: Thread is done: Checkout Contention Users 1-245
2026-04-04 02:50:04,881 INFO o.a.j.t.JMeterThread: Thread finished: Checkout Contention Users 1-236
2026-04-04 02:50:04,882 INFO o.a.j.t.JMeterThread: Thread finished: Checkout Contention Users 1-245
2026-04-04 02:50:04,881 INFO o.a.j.t.JMeterThread: Thread is done: Checkout Contention Users 1-223
2026-04-04 02:50:04,881 INFO o.a.j.t.JMeterThread: Thread is done: Checkout Contention Users 1-249
2026-04-04 02:50:04,882 INFO o.a.j.t.JMeterThread: Thread finished: Checkout Contention Users 1-246
2026-04-04 02:50:04,882 INFO o.a.j.t.JMeterThread: Thread finished: Checkout Contention Users 1-249
2026-04-04 02:50:04,882 INFO o.a.j.t.JMeterThread: Thread is done: Checkout Contention Users 1-235
2026-04-04 02:50:04,883 INFO o.a.j.t.JMeterThread: Thread finished: Checkout Contention Users 1-235
2026-04-04 02:50:04,882 INFO o.a.j.t.JMeterThread: Thread is done: Checkout Contention Users 1-241
2026-04-04 02:50:04,882 INFO o.a.j.t.JMeterThread: Thread finished: Checkout Contention Users 1-223
2026-04-04 02:50:04,883 INFO o.a.j.t.JMeterThread: Thread finished: Checkout Contention Users 1-211
2026-04-04 02:50:04,883 INFO o.a.j.t.JMeterThread: Thread finished: Checkout Contention Users 1-241
2026-04-04 02:50:09,649 INFO o.a.j.t.JMeterThread: Thread is done: Checkout Contention Users 1-188
2026-04-04 02:50:09,649 INFO o.a.j.t.JMeterThread: Thread finished: Checkout Contention Users 1-188
2026-04-04 02:50:15,519 INFO o.a.j.t.JMeterThread: Thread is done: Checkout Contention Users 1-74
2026-04-04 02:50:15,519 INFO o.a.j.t.JMeterThread: Thread finished: Checkout Contention Users 1-74
2026-04-04 02:50:21,438 INFO o.a.j.t.JMeterThread: Thread is done: Checkout Contention Users 1-146
2026-04-04 02:50:21,438 INFO o.a.j.t.JMeterThread: Thread finished: Checkout Contention Users 1-146
2026-04-04 02:50:26,437 INFO o.a.j.t.JMeterThread: Thread is done: Checkout Contention Users 1-128
2026-04-04 02:50:26,437 INFO o.a.j.t.JMeterThread: Thread finished: Checkout Contention Users 1-128
2026-04-04 02:50:30,552 INFO o.a.j.r.Summariser: summary +    138 in 00:00:30 =    4.5/s Avg:  7558 Min:    83 Max: 26311 Err:    63 (45.65%) Active: 196 Started: 250 Finished: 54
2026-04-04 02:50:30,553 INFO o.a.j.r.Summariser: summary =    305 in 00:00:45 =    6.8/s Avg:  6206 Min:    83 Max: 26311 Err:   100 (32.79%)
2026-04-04 02:50:30,553 INFO o.a.j.t.JMeterThread: Thread is done: Checkout Contention Users 1-33
2026-04-04 02:50:30,553 INFO o.a.j.t.JMeterThread: Thread finished: Checkout Contention Users 1-33
2026-04-04 02:50:35,566 INFO o.a.j.t.JMeterThread: Thread is done: Checkout Contention Users 1-149
2026-04-04 02:50:35,566 INFO o.a.j.t.JMeterThread: Thread finished: Checkout Contention Users 1-149
2026-04-04 02:50:40,448 INFO o.a.j.t.JMeterThread: Thread is done: Checkout Contention Users 1-152
2026-04-04 02:50:40,448 INFO o.a.j.t.JMeterThread: Thread finished: Checkout Contention Users 1-152
2026-04-04 02:50:44,496 INFO o.a.j.t.JMeterThread: Thread is done: Checkout Contention Users 1-49
2026-04-04 02:50:44,496 INFO o.a.j.t.JMeterThread: Thread finished: Checkout Contention Users 1-49
2026-04-04 02:50:48,549 INFO o.a.j.t.JMeterThread: Thread is done: Checkout Contention Users 1-3
2026-04-04 02:50:48,549 INFO o.a.j.t.JMeterThread: Thread finished: Checkout Contention Users 1-3
2026-04-04 02:50:52,564 INFO o.a.j.t.JMeterThread: Thread is done: Checkout Contention Users 1-189
2026-04-04 02:50:52,564 INFO o.a.j.t.JMeterThread: Thread finished: Checkout Contention Users 1-189
2026-04-04 02:50:57,482 INFO o.a.j.t.JMeterThread: Thread is done: Checkout Contention Users 1-174
2026-04-04 02:50:57,483 INFO o.a.j.t.JMeterThread: Thread finished: Checkout Contention Users 1-174
2026-04-04 02:51:01,469 INFO o.a.j.r.Summariser: summary +      7 in 00:00:31 =    0.2/s Avg: 44422 Min: 31341 Max: 57234 Err:     0 (0.00%) Active: 189 Started: 250 Finished: 61
2026-04-04 02:51:01,469 INFO o.a.j.r.Summariser: summary =    312 in 00:01:16 =    4.1/s Avg:  7064 Min:    83 Max: 57234 Err:   100 (32.05%)
2026-04-04 02:51:01,469 INFO o.a.j.t.JMeterThread: Thread is done: Checkout Contention Users 1-56
2026-04-04 02:51:01,469 INFO o.a.j.t.JMeterThread: Thread finished: Checkout Contention Users 1-56
2026-04-04 02:51:04,237 INFO o.a.j.t.JMeterThread: Thread is done: Checkout Contention Users 1-175
2026-04-04 02:51:04,237 INFO o.a.j.t.JMeterThread: Thread finished: Checkout Contention Users 1-175
2026-04-04 02:51:04,237 INFO o.a.j.t.JMeterThread: Thread is done: Checkout Contention Users 1-50
2026-04-04 02:51:04,237 INFO o.a.j.t.JMeterThread: Thread is done: Checkout Contention Users 1-75
2026-04-04 02:51:04,237 INFO o.a.j.t.JMeterThread: Thread finished: Checkout Contention Users 1-50
2026-04-04 02:51:04,237 INFO o.a.j.t.JMeterThread: Thread finished: Checkout Contention Users 1-75
2026-04-04 02:51:04,237 INFO o.a.j.t.JMeterThread: Thread is done: Checkout Contention Users 1-89
2026-04-04 02:51:04,237 INFO o.a.j.t.JMeterThread: Thread is done: Checkout Contention Users 1-2
2026-04-04 02:51:04,237 INFO o.a.j.t.JMeterThread: Thread finished: Checkout Contention Users 1-89
2026-04-04 02:51:04,237 INFO o.a.j.t.JMeterThread: Thread finished: Checkout Contention Users 1-2
2026-04-04 02:51:04,238 INFO o.a.j.t.JMeterThread: Thread is done: Checkout Contention Users 1-73
2026-04-04 02:51:04,238 INFO o.a.j.t.JMeterThread: Thread finished: Checkout Contention Users 1-73
2026-04-04 02:51:04,251 INFO o.a.j.t.JMeterThread: Thread is done: Checkout Contention Users 1-1
2026-04-04 02:51:04,251 INFO o.a.j.t.JMeterThread: Thread is done: Checkout Contention Users 1-24
2026-04-04 02:51:04,251 INFO o.a.j.t.JMeterThread: Thread finished: Checkout Contention Users 1-1
2026-04-04 02:51:04,251 INFO o.a.j.t.JMeterThread: Thread finished: Checkout Contention Users 1-24
2026-04-04 02:51:04,251 INFO o.a.j.t.JMeterThread: Thread is done: Checkout Contention Users 1-51
2026-04-04 02:51:04,251 INFO o.a.j.t.JMeterThread: Thread finished: Checkout Contention Users 1-51
2026-04-04 02:51:04,259 INFO o.a.j.t.JMeterThread: Thread is done: Checkout Contention Users 1-139
2026-04-04 02:51:04,259 INFO o.a.j.t.JMeterThread: Thread finished: Checkout Contention Users 1-139
2026-04-04 02:51:04,265 INFO o.a.j.t.JMeterThread: Thread is done: Checkout Contention Users 1-38
2026-04-04 02:51:04,265 INFO o.a.j.t.JMeterThread: Thread finished: Checkout Contention Users 1-38
2026-04-04 02:51:04,265 INFO o.a.j.t.JMeterThread: Thread is done: Checkout Contention Users 1-129
2026-04-04 02:51:04,265 INFO o.a.j.t.JMeterThread: Thread finished: Checkout Contention Users 1-129
2026-04-04 02:51:04,265 INFO o.a.j.t.JMeterThread: Thread is done: Checkout Contention Users 1-155
2026-04-04 02:51:04,265 INFO o.a.j.t.JMeterThread: Thread finished: Checkout Contention Users 1-155
2026-04-04 02:51:04,266 INFO o.a.j.t.JMeterThread: Thread is done: Checkout Contention Users 1-144
2026-04-04 02:51:04,266 INFO o.a.j.t.JMeterThread: Thread finished: Checkout Contention Users 1-144
2026-04-04 02:51:04,279 INFO o.a.j.t.JMeterThread: Thread is done: Checkout Contention Users 1-132
2026-04-04 02:51:04,279 INFO o.a.j.t.JMeterThread: Thread finished: Checkout Contention Users 1-132
2026-04-04 02:51:04,279 INFO o.a.j.t.JMeterThread: Thread is done: Checkout Contention Users 1-158
2026-04-04 02:51:04,279 INFO o.a.j.t.JMeterThread: Thread finished: Checkout Contention Users 1-158
2026-04-04 02:51:04,279 INFO o.a.j.t.JMeterThread: Thread is done: Checkout Contention Users 1-173
2026-04-04 02:51:04,279 INFO o.a.j.t.JMeterThread: Thread finished: Checkout Contention Users 1-173
2026-04-04 02:51:04,280 INFO o.a.j.t.JMeterThread: Thread is done: Checkout Contention Users 1-69
2026-04-04 02:51:04,280 INFO o.a.j.t.JMeterThread: Thread finished: Checkout Contention Users 1-69
2026-04-04 02:51:04,280 INFO o.a.j.t.JMeterThread: Thread is done: Checkout Contention Users 1-191
2026-04-04 02:51:04,280 INFO o.a.j.t.JMeterThread: Thread is done: Checkout Contention Users 1-13
2026-04-04 02:51:04,280 INFO o.a.j.t.JMeterThread: Thread is done: Checkout Contention Users 1-93
2026-04-04 02:51:04,281 INFO o.a.j.t.JMeterThread: Thread finished: Checkout Contention Users 1-93
2026-04-04 02:51:04,281 INFO o.a.j.t.JMeterThread: Thread finished: Checkout Contention Users 1-191
2026-04-04 02:51:04,281 INFO o.a.j.t.JMeterThread: Thread finished: Checkout Contention Users 1-13
2026-04-04 02:51:04,281 INFO o.a.j.t.JMeterThread: Thread is done: Checkout Contention Users 1-108
2026-04-04 02:51:04,281 INFO o.a.j.t.JMeterThread: Thread is done: Checkout Contention Users 1-85
2026-04-04 02:51:04,281 INFO o.a.j.t.JMeterThread: Thread is done: Checkout Contention Users 1-46
2026-04-04 02:51:04,282 INFO o.a.j.t.JMeterThread: Thread finished: Checkout Contention Users 1-108
2026-04-04 02:51:04,282 INFO o.a.j.t.JMeterThread: Thread finished: Checkout Contention Users 1-85
2026-04-04 02:51:04,282 INFO o.a.j.t.JMeterThread: Thread finished: Checkout Contention Users 1-46
2026-04-04 02:51:04,285 INFO o.a.j.t.JMeterThread: Thread is done: Checkout Contention Users 1-125
2026-04-04 02:51:04,285 INFO o.a.j.t.JMeterThread: Thread is done: Checkout Contention Users 1-103
2026-04-04 02:51:04,285 INFO o.a.j.t.JMeterThread: Thread finished: Checkout Contention Users 1-125
2026-04-04 02:51:04,286 INFO o.a.j.t.JMeterThread: Thread finished: Checkout Contention Users 1-103
2026-04-04 02:51:04,293 INFO o.a.j.t.JMeterThread: Thread is done: Checkout Contention Users 1-16
2026-04-04 02:51:04,292 INFO o.a.j.t.JMeterThread: Thread is done: Checkout Contention Users 1-35
2026-04-04 02:51:04,293 INFO o.a.j.t.JMeterThread: Thread is done: Checkout Contention Users 1-45
2026-04-04 02:51:04,293 INFO o.a.j.t.JMeterThread: Thread is done: Checkout Contention Users 1-184
2026-04-04 02:51:04,293 INFO o.a.j.t.JMeterThread: Thread finished: Checkout Contention Users 1-16
2026-04-04 02:51:04,292 INFO o.a.j.t.JMeterThread: Thread is done: Checkout Contention Users 1-107
2026-04-04 02:51:04,292 INFO o.a.j.t.JMeterThread: Thread is done: Checkout Contention Users 1-160
2026-04-04 02:51:04,293 INFO o.a.j.t.JMeterThread: Thread finished: Checkout Contention Users 1-160
2026-04-04 02:51:04,292 INFO o.a.j.t.JMeterThread: Thread is done: Checkout Contention Users 1-153
2026-04-04 02:51:04,292 INFO o.a.j.t.JMeterThread: Thread is done: Checkout Contention Users 1-123
2026-04-04 02:51:04,294 INFO o.a.j.t.JMeterThread: Thread finished: Checkout Contention Users 1-153
2026-04-04 02:51:04,292 INFO o.a.j.t.JMeterThread: Thread is done: Checkout Contention Users 1-172
2026-04-04 02:51:04,294 INFO o.a.j.t.JMeterThread: Thread is done: Checkout Contention Users 1-43
2026-04-04 02:51:04,292 INFO o.a.j.t.JMeterThread: Thread is done: Checkout Contention Users 1-78
2026-04-04 02:51:04,293 INFO o.a.j.t.JMeterThread: Thread is done: Checkout Contention Users 1-102
2026-04-04 02:51:04,294 INFO o.a.j.t.JMeterThread: Thread finished: Checkout Contention Users 1-43
2026-04-04 02:51:04,294 INFO o.a.j.t.JMeterThread: Thread finished: Checkout Contention Users 1-78
2026-04-04 02:51:04,293 INFO o.a.j.t.JMeterThread: Thread is done: Checkout Contention Users 1-5
2026-04-04 02:51:04,294 INFO o.a.j.t.JMeterThread: Thread finished: Checkout Contention Users 1-102
2026-04-04 02:51:04,293 INFO o.a.j.t.JMeterThread: Thread is done: Checkout Contention Users 1-186
2026-04-04 02:51:04,294 INFO o.a.j.t.JMeterThread: Thread finished: Checkout Contention Users 1-5
2026-04-04 02:51:04,294 INFO o.a.j.t.JMeterThread: Thread finished: Checkout Contention Users 1-186
2026-04-04 02:51:04,292 INFO o.a.j.t.JMeterThread: Thread is done: Checkout Contention Users 1-154
2026-04-04 02:51:04,293 INFO o.a.j.t.JMeterThread: Thread is done: Checkout Contention Users 1-133
2026-04-04 02:51:04,292 INFO o.a.j.t.JMeterThread: Thread is done: Checkout Contention Users 1-178
2026-04-04 02:51:04,294 INFO o.a.j.t.JMeterThread: Thread finished: Checkout Contention Users 1-154
2026-04-04 02:51:04,294 INFO o.a.j.t.JMeterThread: Thread finished: Checkout Contention Users 1-133
2026-04-04 02:51:04,294 INFO o.a.j.t.JMeterThread: Thread finished: Checkout Contention Users 1-178
2026-04-04 02:51:04,295 INFO o.a.j.t.JMeterThread: Thread is done: Checkout Contention Users 1-48
2026-04-04 02:51:04,295 INFO o.a.j.t.JMeterThread: Thread is done: Checkout Contention Users 1-200
2026-04-04 02:51:04,295 INFO o.a.j.t.JMeterThread: Thread is done: Checkout Contention Users 1-81
2026-04-04 02:51:04,295 INFO o.a.j.t.JMeterThread: Thread finished: Checkout Contention Users 1-200
2026-04-04 02:51:04,295 INFO o.a.j.t.JMeterThread: Thread is done: Checkout Contention Users 1-82
2026-04-04 02:51:04,295 INFO o.a.j.t.JMeterThread: Thread finished: Checkout Contention Users 1-82
2026-04-04 02:51:04,295 INFO o.a.j.t.JMeterThread: Thread is done: Checkout Contention Users 1-91
2026-04-04 02:51:04,295 INFO o.a.j.t.JMeterThread: Thread finished: Checkout Contention Users 1-91
2026-04-04 02:51:04,293 INFO o.a.j.t.JMeterThread: Thread is done: Checkout Contention Users 1-141
2026-04-04 02:51:04,296 INFO o.a.j.t.JMeterThread: Thread is done: Checkout Contention Users 1-136
2026-04-04 02:51:04,296 INFO o.a.j.t.JMeterThread: Thread finished: Checkout Contention Users 1-35
2026-04-04 02:51:04,293 INFO o.a.j.t.JMeterThread: Thread is done: Checkout Contention Users 1-150
2026-04-04 02:51:04,296 INFO o.a.j.t.JMeterThread: Thread finished: Checkout Contention Users 1-141
2026-04-04 02:51:04,292 INFO o.a.j.t.JMeterThread: Thread is done: Checkout Contention Users 1-23
2026-04-04 02:51:04,293 INFO o.a.j.t.JMeterThread: Thread is done: Checkout Contention Users 1-58
2026-04-04 02:51:04,296 INFO o.a.j.t.JMeterThread: Thread finished: Checkout Contention Users 1-23
2026-04-04 02:51:04,296 INFO o.a.j.t.JMeterThread: Thread finished: Checkout Contention Users 1-58
2026-04-04 02:51:04,296 INFO o.a.j.t.JMeterThread: Thread finished: Checkout Contention Users 1-150
2026-04-04 02:51:04,296 INFO o.a.j.t.JMeterThread: Thread is done: Checkout Contention Users 1-30
2026-04-04 02:51:04,296 INFO o.a.j.t.JMeterThread: Thread finished: Checkout Contention Users 1-30
2026-04-04 02:51:04,296 INFO o.a.j.t.JMeterThread: Thread finished: Checkout Contention Users 1-136
2026-04-04 02:51:04,296 INFO o.a.j.t.JMeterThread: Thread is done: Checkout Contention Users 1-111
2026-04-04 02:51:04,296 INFO o.a.j.t.JMeterThread: Thread is done: Checkout Contention Users 1-6
2026-04-04 02:51:04,296 INFO o.a.j.t.JMeterThread: Thread is done: Checkout Contention Users 1-171
2026-04-04 02:51:04,295 INFO o.a.j.t.JMeterThread: Thread finished: Checkout Contention Users 1-48
2026-04-04 02:51:04,296 INFO o.a.j.t.JMeterThread: Thread finished: Checkout Contention Users 1-171
2026-04-04 02:51:04,295 INFO o.a.j.t.JMeterThread: Thread is done: Checkout Contention Users 1-176
2026-04-04 02:51:04,296 INFO o.a.j.t.JMeterThread: Thread finished: Checkout Contention Users 1-176
2026-04-04 02:51:04,295 INFO o.a.j.t.JMeterThread: Thread is done: Checkout Contention Users 1-79
2026-04-04 02:51:04,296 INFO o.a.j.t.JMeterThread: Thread is done: Checkout Contention Users 1-77
2026-04-04 02:51:04,296 INFO o.a.j.t.JMeterThread: Thread finished: Checkout Contention Users 1-81
2026-04-04 02:51:04,296 INFO o.a.j.t.JMeterThread: Thread finished: Checkout Contention Users 1-79
2026-04-04 02:51:04,296 INFO o.a.j.t.JMeterThread: Thread is done: Checkout Contention Users 1-137
2026-04-04 02:51:04,297 INFO o.a.j.t.JMeterThread: Thread finished: Checkout Contention Users 1-137
2026-04-04 02:51:04,294 INFO o.a.j.t.JMeterThread: Thread is done: Checkout Contention Users 1-76
2026-04-04 02:51:04,297 INFO o.a.j.t.JMeterThread: Thread is done: Checkout Contention Users 1-37
2026-04-04 02:51:04,297 INFO o.a.j.t.JMeterThread: Thread is done: Checkout Contention Users 1-117
2026-04-04 02:51:04,297 INFO o.a.j.t.JMeterThread: Thread finished: Checkout Contention Users 1-37
2026-04-04 02:51:04,294 INFO o.a.j.t.JMeterThread: Thread finished: Checkout Contention Users 1-172
2026-04-04 02:51:04,297 INFO o.a.j.t.JMeterThread: Thread finished: Checkout Contention Users 1-117
2026-04-04 02:51:04,294 INFO o.a.j.t.JMeterThread: Thread is done: Checkout Contention Users 1-101
2026-04-04 02:51:04,297 INFO o.a.j.t.JMeterThread: Thread is done: Checkout Contention Users 1-98
2026-04-04 02:51:04,294 INFO o.a.j.t.JMeterThread: Thread finished: Checkout Contention Users 1-123
2026-04-04 02:51:04,297 INFO o.a.j.t.JMeterThread: Thread is done: Checkout Contention Users 1-143
2026-04-04 02:51:04,297 INFO o.a.j.t.JMeterThread: Thread finished: Checkout Contention Users 1-143
2026-04-04 02:51:04,293 INFO o.a.j.t.JMeterThread: Thread is done: Checkout Contention Users 1-183
2026-04-04 02:51:04,292 INFO o.a.j.t.JMeterThread: Thread is done: Checkout Contention Users 1-39
2026-04-04 02:51:04,297 INFO o.a.j.t.JMeterThread: Thread is done: Checkout Contention Users 1-197
2026-04-04 02:51:04,297 INFO o.a.j.t.JMeterThread: Thread finished: Checkout Contention Users 1-183
2026-04-04 02:51:04,293 INFO o.a.j.t.JMeterThread: Thread finished: Checkout Contention Users 1-107
2026-04-04 02:51:04,297 INFO o.a.j.t.JMeterThread: Thread finished: Checkout Contention Users 1-197
2026-04-04 02:51:04,293 INFO o.a.j.t.JMeterThread: Thread finished: Checkout Contention Users 1-184
2026-04-04 02:51:04,297 INFO o.a.j.t.JMeterThread: Thread finished: Checkout Contention Users 1-45
2026-04-04 02:51:04,297 INFO o.a.j.t.JMeterThread: Thread finished: Checkout Contention Users 1-39
2026-04-04 02:51:04,297 INFO o.a.j.t.JMeterThread: Thread is done: Checkout Contention Users 1-86
2026-04-04 02:51:04,297 INFO o.a.j.t.JMeterThread: Thread finished: Checkout Contention Users 1-86
2026-04-04 02:51:04,297 INFO o.a.j.t.JMeterThread: Thread is done: Checkout Contention Users 1-28
2026-04-04 02:51:04,297 INFO o.a.j.t.JMeterThread: Thread finished: Checkout Contention Users 1-98
2026-04-04 02:51:04,297 INFO o.a.j.t.JMeterThread: Thread is done: Checkout Contention Users 1-135
2026-04-04 02:51:04,298 INFO o.a.j.t.JMeterThread: Thread finished: Checkout Contention Users 1-135
2026-04-04 02:51:04,298 INFO o.a.j.t.JMeterThread: Thread finished: Checkout Contention Users 1-76
2026-04-04 02:51:04,296 INFO o.a.j.t.JMeterThread: Thread is done: Checkout Contention Users 1-70
2026-04-04 02:51:04,298 INFO o.a.j.t.JMeterThread: Thread finished: Checkout Contention Users 1-77
2026-04-04 02:51:04,296 INFO o.a.j.t.JMeterThread: Thread is done: Checkout Contention Users 1-127
2026-04-04 02:51:04,296 INFO o.a.j.t.JMeterThread: Thread is done: Checkout Contention Users 1-161
2026-04-04 02:51:04,298 INFO o.a.j.t.JMeterThread: Thread finished: Checkout Contention Users 1-127
2026-04-04 02:51:04,296 INFO o.a.j.t.JMeterThread: Thread finished: Checkout Contention Users 1-111
2026-04-04 02:51:04,296 INFO o.a.j.t.JMeterThread: Thread is done: Checkout Contention Users 1-167
2026-04-04 02:51:04,299 INFO o.a.j.t.JMeterThread: Thread finished: Checkout Contention Users 1-167
2026-04-04 02:51:04,296 INFO o.a.j.t.JMeterThread: Thread is done: Checkout Contention Users 1-64
2026-04-04 02:51:04,299 INFO o.a.j.t.JMeterThread: Thread finished: Checkout Contention Users 1-6
2026-04-04 02:51:04,299 INFO o.a.j.t.JMeterThread: Thread is done: Checkout Contention Users 1-26
2026-04-04 02:51:04,299 INFO o.a.j.t.JMeterThread: Thread finished: Checkout Contention Users 1-64
2026-04-04 02:51:04,299 INFO o.a.j.t.JMeterThread: Thread finished: Checkout Contention Users 1-161
2026-04-04 02:51:04,298 INFO o.a.j.t.JMeterThread: Thread finished: Checkout Contention Users 1-70
2026-04-04 02:51:04,298 INFO o.a.j.t.JMeterThread: Thread finished: Checkout Contention Users 1-101
2026-04-04 02:51:04,298 INFO o.a.j.t.JMeterThread: Thread finished: Checkout Contention Users 1-28
2026-04-04 02:51:04,300 INFO o.a.j.t.JMeterThread: Thread finished: Checkout Contention Users 1-26
2026-04-04 02:51:04,300 INFO o.a.j.t.JMeterThread: Thread is done: Checkout Contention Users 1-53
2026-04-04 02:51:04,300 INFO o.a.j.t.JMeterThread: Thread finished: Checkout Contention Users 1-53
2026-04-04 02:51:04,300 INFO o.a.j.t.JMeterThread: Thread is done: Checkout Contention Users 1-11
2026-04-04 02:51:04,300 INFO o.a.j.t.JMeterThread: Thread finished: Checkout Contention Users 1-11
2026-04-04 02:51:04,334 INFO o.a.j.t.JMeterThread: Thread is done: Checkout Contention Users 1-40
2026-04-04 02:51:04,334 INFO o.a.j.t.JMeterThread: Thread finished: Checkout Contention Users 1-40
2026-04-04 02:51:04,337 INFO o.a.j.t.JMeterThread: Thread is done: Checkout Contention Users 1-59
2026-04-04 02:51:04,337 INFO o.a.j.t.JMeterThread: Thread finished: Checkout Contention Users 1-59
2026-04-04 02:51:04,339 INFO o.a.j.t.JMeterThread: Thread is done: Checkout Contention Users 1-27
2026-04-04 02:51:04,339 INFO o.a.j.t.JMeterThread: Thread finished: Checkout Contention Users 1-27
2026-04-04 02:51:04,340 INFO o.a.j.t.JMeterThread: Thread is done: Checkout Contention Users 1-54
2026-04-04 02:51:04,341 INFO o.a.j.t.JMeterThread: Thread is done: Checkout Contention Users 1-41
2026-04-04 02:51:04,340 INFO o.a.j.t.JMeterThread: Thread finished: Checkout Contention Users 1-54
2026-04-04 02:51:04,341 INFO o.a.j.t.JMeterThread: Thread finished: Checkout Contention Users 1-41
2026-04-04 02:51:04,342 INFO o.a.j.t.JMeterThread: Thread is done: Checkout Contention Users 1-44
2026-04-04 02:51:04,342 INFO o.a.j.t.JMeterThread: Thread finished: Checkout Contention Users 1-44
2026-04-04 02:51:04,341 INFO o.a.j.t.JMeterThread: Thread is done: Checkout Contention Users 1-121
2026-04-04 02:51:04,342 INFO o.a.j.t.JMeterThread: Thread is done: Checkout Contention Users 1-112
2026-04-04 02:51:04,342 INFO o.a.j.t.JMeterThread: Thread finished: Checkout Contention Users 1-121
2026-04-04 02:51:04,342 INFO o.a.j.t.JMeterThread: Thread finished: Checkout Contention Users 1-112
2026-04-04 02:51:04,342 INFO o.a.j.t.JMeterThread: Thread is done: Checkout Contention Users 1-119
2026-04-04 02:51:04,342 INFO o.a.j.t.JMeterThread: Thread finished: Checkout Contention Users 1-119
2026-04-04 02:51:04,342 INFO o.a.j.t.JMeterThread: Thread is done: Checkout Contention Users 1-95
2026-04-04 02:51:04,342 INFO o.a.j.t.JMeterThread: Thread finished: Checkout Contention Users 1-95
2026-04-04 02:51:04,341 INFO o.a.j.t.JMeterThread: Thread is done: Checkout Contention Users 1-162
2026-04-04 02:51:04,343 INFO o.a.j.t.JMeterThread: Thread finished: Checkout Contention Users 1-162
2026-04-04 02:51:04,360 INFO o.a.j.t.JMeterThread: Thread is done: Checkout Contention Users 1-65
2026-04-04 02:51:04,360 INFO o.a.j.t.JMeterThread: Thread is done: Checkout Contention Users 1-192
2026-04-04 02:51:04,360 INFO o.a.j.t.JMeterThread: Thread finished: Checkout Contention Users 1-65
2026-04-04 02:51:04,360 INFO o.a.j.t.JMeterThread: Thread finished: Checkout Contention Users 1-192
2026-04-04 02:51:04,376 INFO o.a.j.t.JMeterThread: Thread is done: Checkout Contention Users 1-116
2026-04-04 02:51:04,376 INFO o.a.j.t.JMeterThread: Thread is done: Checkout Contention Users 1-32
2026-04-04 02:51:04,377 INFO o.a.j.t.JMeterThread: Thread finished: Checkout Contention Users 1-116
2026-04-04 02:51:04,376 INFO o.a.j.t.JMeterThread: Thread is done: Checkout Contention Users 1-113
2026-04-04 02:51:04,376 INFO o.a.j.t.JMeterThread: Thread is done: Checkout Contention Users 1-36
2026-04-04 02:51:04,377 INFO o.a.j.t.JMeterThread: Thread finished: Checkout Contention Users 1-36
2026-04-04 02:51:04,377 INFO o.a.j.t.JMeterThread: Thread finished: Checkout Contention Users 1-32
2026-04-04 02:51:04,377 INFO o.a.j.t.JMeterThread: Thread finished: Checkout Contention Users 1-113
2026-04-04 02:51:04,377 INFO o.a.j.t.JMeterThread: Thread is done: Checkout Contention Users 1-110
2026-04-04 02:51:04,377 INFO o.a.j.t.JMeterThread: Thread is done: Checkout Contention Users 1-92
2026-04-04 02:51:04,378 INFO o.a.j.t.JMeterThread: Thread finished: Checkout Contention Users 1-110
2026-04-04 02:51:04,378 INFO o.a.j.t.JMeterThread: Thread finished: Checkout Contention Users 1-92
2026-04-04 02:51:04,378 INFO o.a.j.t.JMeterThread: Thread is done: Checkout Contention Users 1-100
2026-04-04 02:51:04,378 INFO o.a.j.t.JMeterThread: Thread is done: Checkout Contention Users 1-99
2026-04-04 02:51:04,378 INFO o.a.j.t.JMeterThread: Thread is done: Checkout Contention Users 1-25
2026-04-04 02:51:04,378 INFO o.a.j.t.JMeterThread: Thread finished: Checkout Contention Users 1-100
2026-04-04 02:51:04,378 INFO o.a.j.t.JMeterThread: Thread finished: Checkout Contention Users 1-25
2026-04-04 02:51:04,378 INFO o.a.j.t.JMeterThread: Thread is done: Checkout Contention Users 1-118
2026-04-04 02:51:04,378 INFO o.a.j.t.JMeterThread: Thread is done: Checkout Contention Users 1-182
2026-04-04 02:51:04,378 INFO o.a.j.t.JMeterThread: Thread finished: Checkout Contention Users 1-118
2026-04-04 02:51:04,378 INFO o.a.j.t.JMeterThread: Thread finished: Checkout Contention Users 1-182
2026-04-04 02:51:04,378 INFO o.a.j.t.JMeterThread: Thread finished: Checkout Contention Users 1-99
2026-04-04 02:51:04,385 INFO o.a.j.t.JMeterThread: Thread is done: Checkout Contention Users 1-8
2026-04-04 02:51:04,385 INFO o.a.j.t.JMeterThread: Thread finished: Checkout Contention Users 1-8
2026-04-04 02:51:04,385 INFO o.a.j.t.JMeterThread: Thread is done: Checkout Contention Users 1-15
2026-04-04 02:51:04,385 INFO o.a.j.t.JMeterThread: Thread is done: Checkout Contention Users 1-22
2026-04-04 02:51:04,385 INFO o.a.j.t.JMeterThread: Thread finished: Checkout Contention Users 1-15
2026-04-04 02:51:04,385 INFO o.a.j.t.JMeterThread: Thread is done: Checkout Contention Users 1-21
2026-04-04 02:51:04,385 INFO o.a.j.t.JMeterThread: Thread finished: Checkout Contention Users 1-21
2026-04-04 02:51:04,385 INFO o.a.j.t.JMeterThread: Thread finished: Checkout Contention Users 1-22
2026-04-04 02:51:04,386 INFO o.a.j.t.JMeterThread: Thread is done: Checkout Contention Users 1-114
2026-04-04 02:51:04,386 INFO o.a.j.t.JMeterThread: Thread finished: Checkout Contention Users 1-114
2026-04-04 02:51:04,387 INFO o.a.j.t.JMeterThread: Thread is done: Checkout Contention Users 1-142
2026-04-04 02:51:04,387 INFO o.a.j.t.JMeterThread: Thread finished: Checkout Contention Users 1-142
2026-04-04 02:51:04,387 INFO o.a.j.t.JMeterThread: Thread is done: Checkout Contention Users 1-18
2026-04-04 02:51:04,387 INFO o.a.j.t.JMeterThread: Thread is done: Checkout Contention Users 1-181
2026-04-04 02:51:04,387 INFO o.a.j.t.JMeterThread: Thread finished: Checkout Contention Users 1-181
2026-04-04 02:51:04,387 INFO o.a.j.t.JMeterThread: Thread finished: Checkout Contention Users 1-18
2026-04-04 02:51:04,387 INFO o.a.j.t.JMeterThread: Thread is done: Checkout Contention Users 1-96
2026-04-04 02:51:04,387 INFO o.a.j.t.JMeterThread: Thread finished: Checkout Contention Users 1-96
2026-04-04 02:51:04,388 INFO o.a.j.t.JMeterThread: Thread is done: Checkout Contention Users 1-115
2026-04-04 02:51:04,388 INFO o.a.j.t.JMeterThread: Thread is done: Checkout Contention Users 1-10
2026-04-04 02:51:04,388 INFO o.a.j.t.JMeterThread: Thread finished: Checkout Contention Users 1-115
2026-04-04 02:51:04,388 INFO o.a.j.t.JMeterThread: Thread is done: Checkout Contention Users 1-47
2026-04-04 02:51:04,388 INFO o.a.j.t.JMeterThread: Thread finished: Checkout Contention Users 1-47
2026-04-04 02:51:04,388 INFO o.a.j.t.JMeterThread: Thread finished: Checkout Contention Users 1-10
2026-04-04 02:51:04,390 INFO o.a.j.t.JMeterThread: Thread is done: Checkout Contention Users 1-187
2026-04-04 02:51:04,390 INFO o.a.j.t.JMeterThread: Thread finished: Checkout Contention Users 1-187
2026-04-04 02:51:04,390 INFO o.a.j.t.JMeterThread: Thread is done: Checkout Contention Users 1-90
2026-04-04 02:51:04,390 INFO o.a.j.t.JMeterThread: Thread finished: Checkout Contention Users 1-90
2026-04-04 02:51:04,391 INFO o.a.j.t.JMeterThread: Thread is done: Checkout Contention Users 1-199
2026-04-04 02:51:04,391 INFO o.a.j.t.JMeterThread: Thread is done: Checkout Contention Users 1-193
2026-04-04 02:51:04,391 INFO o.a.j.t.JMeterThread: Thread is done: Checkout Contention Users 1-164
2026-04-04 02:51:04,391 INFO o.a.j.t.JMeterThread: Thread finished: Checkout Contention Users 1-199
2026-04-04 02:51:04,391 INFO o.a.j.t.JMeterThread: Thread finished: Checkout Contention Users 1-164
2026-04-04 02:51:04,391 INFO o.a.j.t.JMeterThread: Thread is done: Checkout Contention Users 1-94
2026-04-04 02:51:04,392 INFO o.a.j.t.JMeterThread: Thread finished: Checkout Contention Users 1-94
2026-04-04 02:51:04,392 INFO o.a.j.t.JMeterThread: Thread is done: Checkout Contention Users 1-196
2026-04-04 02:51:04,392 INFO o.a.j.t.JMeterThread: Thread finished: Checkout Contention Users 1-196
2026-04-04 02:51:04,392 INFO o.a.j.t.JMeterThread: Thread is done: Checkout Contention Users 1-165
2026-04-04 02:51:04,392 INFO o.a.j.t.JMeterThread: Thread finished: Checkout Contention Users 1-165
2026-04-04 02:51:04,392 INFO o.a.j.t.JMeterThread: Thread is done: Checkout Contention Users 1-170
2026-04-04 02:51:04,392 INFO o.a.j.t.JMeterThread: Thread finished: Checkout Contention Users 1-170
2026-04-04 02:51:04,392 INFO o.a.j.t.JMeterThread: Thread is done: Checkout Contention Users 1-166
2026-04-04 02:51:04,392 INFO o.a.j.t.JMeterThread: Thread is done: Checkout Contention Users 1-177
2026-04-04 02:51:04,392 INFO o.a.j.t.JMeterThread: Thread is done: Checkout Contention Users 1-138
2026-04-04 02:51:04,392 INFO o.a.j.t.JMeterThread: Thread is done: Checkout Contention Users 1-194
2026-04-04 02:51:04,392 INFO o.a.j.t.JMeterThread: Thread finished: Checkout Contention Users 1-177
2026-04-04 02:51:04,392 INFO o.a.j.t.JMeterThread: Thread is done: Checkout Contention Users 1-42
2026-04-04 02:51:04,393 INFO o.a.j.t.JMeterThread: Thread finished: Checkout Contention Users 1-42
2026-04-04 02:51:04,392 INFO o.a.j.t.JMeterThread: Thread finished: Checkout Contention Users 1-193
2026-04-04 02:51:04,393 INFO o.a.j.t.JMeterThread: Thread finished: Checkout Contention Users 1-194
2026-04-04 02:51:04,393 INFO o.a.j.t.JMeterThread: Thread is done: Checkout Contention Users 1-29
2026-04-04 02:51:04,393 INFO o.a.j.t.JMeterThread: Thread finished: Checkout Contention Users 1-29
2026-04-04 02:51:04,392 INFO o.a.j.t.JMeterThread: Thread is done: Checkout Contention Users 1-122
2026-04-04 02:51:04,393 INFO o.a.j.t.JMeterThread: Thread is done: Checkout Contention Users 1-17
2026-04-04 02:51:04,392 INFO o.a.j.t.JMeterThread: Thread is done: Checkout Contention Users 1-156
2026-04-04 02:51:04,393 INFO o.a.j.t.JMeterThread: Thread finished: Checkout Contention Users 1-17
2026-04-04 02:51:04,392 INFO o.a.j.t.JMeterThread: Thread is done: Checkout Contention Users 1-157
2026-04-04 02:51:04,393 INFO o.a.j.t.JMeterThread: Thread finished: Checkout Contention Users 1-156
2026-04-04 02:51:04,392 INFO o.a.j.t.JMeterThread: Thread is done: Checkout Contention Users 1-68
2026-04-04 02:51:04,392 INFO o.a.j.t.JMeterThread: Thread is done: Checkout Contention Users 1-57
2026-04-04 02:51:04,393 INFO o.a.j.t.JMeterThread: Thread is done: Checkout Contention Users 1-87
2026-04-04 02:51:04,393 INFO o.a.j.t.JMeterThread: Thread is done: Checkout Contention Users 1-20
2026-04-04 02:51:04,393 INFO o.a.j.t.JMeterThread: Thread finished: Checkout Contention Users 1-87
2026-04-04 02:51:04,392 INFO o.a.j.t.JMeterThread: Thread is done: Checkout Contention Users 1-71
2026-04-04 02:51:04,393 INFO o.a.j.t.JMeterThread: Thread finished: Checkout Contention Users 1-71
2026-04-04 02:51:04,393 INFO o.a.j.t.JMeterThread: Thread finished: Checkout Contention Users 1-166
2026-04-04 02:51:04,393 INFO o.a.j.t.JMeterThread: Thread finished: Checkout Contention Users 1-68
2026-04-04 02:51:04,393 INFO o.a.j.t.JMeterThread: Thread finished: Checkout Contention Users 1-57
2026-04-04 02:51:04,394 INFO o.a.j.t.JMeterThread: Thread finished: Checkout Contention Users 1-157
2026-04-04 02:51:04,393 INFO o.a.j.t.JMeterThread: Thread is done: Checkout Contention Users 1-97
2026-04-04 02:51:04,393 INFO o.a.j.t.JMeterThread: Thread is done: Checkout Contention Users 1-9
2026-04-04 02:51:04,394 INFO o.a.j.t.JMeterThread: Thread is done: Checkout Contention Users 1-195
2026-04-04 02:51:04,394 INFO o.a.j.t.JMeterThread: Thread is done: Checkout Contention Users 1-198
2026-04-04 02:51:04,394 INFO o.a.j.t.JMeterThread: Thread finished: Checkout Contention Users 1-122
2026-04-04 02:51:04,393 INFO o.a.j.t.JMeterThread: Thread finished: Checkout Contention Users 1-20
2026-04-04 02:51:04,394 INFO o.a.j.t.JMeterThread: Thread finished: Checkout Contention Users 1-198
2026-04-04 02:51:04,393 INFO o.a.j.t.JMeterThread: Thread finished: Checkout Contention Users 1-138
2026-04-04 02:51:04,394 INFO o.a.j.t.JMeterThread: Thread finished: Checkout Contention Users 1-9
2026-04-04 02:51:04,394 INFO o.a.j.t.JMeterThread: Thread finished: Checkout Contention Users 1-97
2026-04-04 02:51:04,394 INFO o.a.j.t.JMeterThread: Thread finished: Checkout Contention Users 1-195
2026-04-04 02:51:04,395 INFO o.a.j.t.JMeterThread: Thread is done: Checkout Contention Users 1-4
2026-04-04 02:51:04,395 INFO o.a.j.t.JMeterThread: Thread finished: Checkout Contention Users 1-4
2026-04-04 02:51:04,395 INFO o.a.j.t.JMeterThread: Thread is done: Checkout Contention Users 1-104
2026-04-04 02:51:04,395 INFO o.a.j.t.JMeterThread: Thread finished: Checkout Contention Users 1-104
2026-04-04 02:51:04,395 INFO o.a.j.t.JMeterThread: Thread is done: Checkout Contention Users 1-145
2026-04-04 02:51:04,395 INFO o.a.j.t.JMeterThread: Thread finished: Checkout Contention Users 1-145
2026-04-04 02:51:04,401 INFO o.a.j.t.JMeterThread: Thread is done: Checkout Contention Users 1-80
2026-04-04 02:51:04,401 INFO o.a.j.t.JMeterThread: Thread is done: Checkout Contention Users 1-72
2026-04-04 02:51:04,401 INFO o.a.j.t.JMeterThread: Thread finished: Checkout Contention Users 1-80
2026-04-04 02:51:04,401 INFO o.a.j.t.JMeterThread: Thread finished: Checkout Contention Users 1-72
2026-04-04 02:51:04,402 INFO o.a.j.t.JMeterThread: Thread is done: Checkout Contention Users 1-14
2026-04-04 02:51:04,402 INFO o.a.j.t.JMeterThread: Thread is done: Checkout Contention Users 1-126
2026-04-04 02:51:04,402 INFO o.a.j.t.JMeterThread: Thread finished: Checkout Contention Users 1-14
2026-04-04 02:51:04,402 INFO o.a.j.t.JMeterThread: Thread is done: Checkout Contention Users 1-134
2026-04-04 02:51:04,402 INFO o.a.j.t.JMeterThread: Thread finished: Checkout Contention Users 1-134
2026-04-04 02:51:04,402 INFO o.a.j.t.JMeterThread: Thread is done: Checkout Contention Users 1-130
2026-04-04 02:51:04,402 INFO o.a.j.t.JMeterThread: Thread is done: Checkout Contention Users 1-105
2026-04-04 02:51:04,402 INFO o.a.j.t.JMeterThread: Thread finished: Checkout Contention Users 1-130
2026-04-04 02:51:04,402 INFO o.a.j.t.JMeterThread: Thread is done: Checkout Contention Users 1-151
2026-04-04 02:51:04,402 INFO o.a.j.t.JMeterThread: Thread finished: Checkout Contention Users 1-151
2026-04-04 02:51:04,402 INFO o.a.j.t.JMeterThread: Thread is done: Checkout Contention Users 1-88
2026-04-04 02:51:04,402 INFO o.a.j.t.JMeterThread: Thread is done: Checkout Contention Users 1-120
2026-04-04 02:51:04,402 INFO o.a.j.t.JMeterThread: Thread finished: Checkout Contention Users 1-88
2026-04-04 02:51:04,402 INFO o.a.j.t.JMeterThread: Thread is done: Checkout Contention Users 1-179
2026-04-04 02:51:04,403 INFO o.a.j.t.JMeterThread: Thread finished: Checkout Contention Users 1-179
2026-04-04 02:51:04,403 INFO o.a.j.t.JMeterThread: Thread is done: Checkout Contention Users 1-31
2026-04-04 02:51:04,403 INFO o.a.j.t.JMeterThread: Thread finished: Checkout Contention Users 1-31
2026-04-04 02:51:04,403 INFO o.a.j.t.JMeterThread: Thread is done: Checkout Contention Users 1-52
2026-04-04 02:51:04,403 INFO o.a.j.t.JMeterThread: Thread finished: Checkout Contention Users 1-52
2026-04-04 02:51:04,403 INFO o.a.j.t.JMeterThread: Thread finished: Checkout Contention Users 1-126
2026-04-04 02:51:04,403 INFO o.a.j.t.JMeterThread: Thread is done: Checkout Contention Users 1-159
2026-04-04 02:51:04,403 INFO o.a.j.t.JMeterThread: Thread finished: Checkout Contention Users 1-159
2026-04-04 02:51:04,403 INFO o.a.j.t.JMeterThread: Thread is done: Checkout Contention Users 1-106
2026-04-04 02:51:04,403 INFO o.a.j.t.JMeterThread: Thread finished: Checkout Contention Users 1-106
2026-04-04 02:51:04,403 INFO o.a.j.t.JMeterThread: Thread is done: Checkout Contention Users 1-180
2026-04-04 02:51:04,403 INFO o.a.j.t.JMeterThread: Thread is done: Checkout Contention Users 1-83
2026-04-04 02:51:04,403 INFO o.a.j.t.JMeterThread: Thread is done: Checkout Contention Users 1-84
2026-04-04 02:51:04,403 INFO o.a.j.t.JMeterThread: Thread finished: Checkout Contention Users 1-180
2026-04-04 02:51:04,403 INFO o.a.j.t.JMeterThread: Thread is done: Checkout Contention Users 1-7
2026-04-04 02:51:04,403 INFO o.a.j.t.JMeterThread: Thread finished: Checkout Contention Users 1-7
2026-04-04 02:51:04,402 INFO o.a.j.t.JMeterThread: Thread is done: Checkout Contention Users 1-131
2026-04-04 02:51:04,404 INFO o.a.j.t.JMeterThread: Thread finished: Checkout Contention Users 1-131
2026-04-04 02:51:04,404 INFO o.a.j.t.JMeterThread: Thread finished: Checkout Contention Users 1-105
2026-04-04 02:51:04,404 INFO o.a.j.t.JMeterThread: Thread is done: Checkout Contention Users 1-163
2026-04-04 02:51:04,404 INFO o.a.j.t.JMeterThread: Thread finished: Checkout Contention Users 1-163
2026-04-04 02:51:04,404 INFO o.a.j.t.JMeterThread: Thread is done: Checkout Contention Users 1-109
2026-04-04 02:51:04,404 INFO o.a.j.t.JMeterThread: Thread is done: Checkout Contention Users 1-34
2026-04-04 02:51:04,404 INFO o.a.j.t.JMeterThread: Thread is done: Checkout Contention Users 1-66
2026-04-04 02:51:04,404 INFO o.a.j.t.JMeterThread: Thread finished: Checkout Contention Users 1-34
2026-04-04 02:51:04,404 INFO o.a.j.t.JMeterThread: Thread is done: Checkout Contention Users 1-61
2026-04-04 02:51:04,404 INFO o.a.j.t.JMeterThread: Thread is done: Checkout Contention Users 1-60
2026-04-04 02:51:04,404 INFO o.a.j.t.JMeterThread: Thread finished: Checkout Contention Users 1-60
2026-04-04 02:51:04,404 INFO o.a.j.t.JMeterThread: Thread finished: Checkout Contention Users 1-120
2026-04-04 02:51:04,404 INFO o.a.j.t.JMeterThread: Thread is done: Checkout Contention Users 1-55
2026-04-04 02:51:04,404 INFO o.a.j.t.JMeterThread: Thread finished: Checkout Contention Users 1-61
2026-04-04 02:51:04,403 INFO o.a.j.t.JMeterThread: Thread is done: Checkout Contention Users 1-12
2026-04-04 02:51:04,404 INFO o.a.j.t.JMeterThread: Thread is done: Checkout Contention Users 1-67
2026-04-04 02:51:04,403 INFO o.a.j.t.JMeterThread: Thread is done: Checkout Contention Users 1-190
2026-04-04 02:51:04,404 INFO o.a.j.t.JMeterThread: Thread finished: Checkout Contention Users 1-67
2026-04-04 02:51:04,404 INFO o.a.j.t.JMeterThread: Thread is done: Checkout Contention Users 1-185
2026-04-04 02:51:04,404 INFO o.a.j.t.JMeterThread: Thread finished: Checkout Contention Users 1-185
2026-04-04 02:51:04,403 INFO o.a.j.t.JMeterThread: Thread finished: Checkout Contention Users 1-84
2026-04-04 02:51:04,404 INFO o.a.j.t.JMeterThread: Thread finished: Checkout Contention Users 1-190
2026-04-04 02:51:04,404 INFO o.a.j.t.JMeterThread: Thread is done: Checkout Contention Users 1-19
2026-04-04 02:51:04,403 INFO o.a.j.t.JMeterThread: Thread is done: Checkout Contention Users 1-148
2026-04-04 02:51:04,404 INFO o.a.j.t.JMeterThread: Thread finished: Checkout Contention Users 1-19
2026-04-04 02:51:04,404 INFO o.a.j.t.JMeterThread: Thread is done: Checkout Contention Users 1-169
2026-04-04 02:51:04,404 INFO o.a.j.t.JMeterThread: Thread is done: Checkout Contention Users 1-124
2026-04-04 02:51:04,404 INFO o.a.j.t.JMeterThread: Thread is done: Checkout Contention Users 1-62
2026-04-04 02:51:04,404 INFO o.a.j.t.JMeterThread: Thread finished: Checkout Contention Users 1-124
2026-04-04 02:51:04,404 INFO o.a.j.t.JMeterThread: Thread is done: Checkout Contention Users 1-147
2026-04-04 02:51:04,404 INFO o.a.j.t.JMeterThread: Thread finished: Checkout Contention Users 1-147
2026-04-04 02:51:04,404 INFO o.a.j.t.JMeterThread: Thread finished: Checkout Contention Users 1-55
2026-04-04 02:51:04,404 INFO o.a.j.t.JMeterThread: Thread finished: Checkout Contention Users 1-12
2026-04-04 02:51:04,405 INFO o.a.j.t.JMeterThread: Thread is done: Checkout Contention Users 1-63
2026-04-04 02:51:04,405 INFO o.a.j.t.JMeterThread: Thread finished: Checkout Contention Users 1-63
2026-04-04 02:51:04,404 INFO o.a.j.t.JMeterThread: Thread finished: Checkout Contention Users 1-66
2026-04-04 02:51:04,404 INFO o.a.j.t.JMeterThread: Thread is done: Checkout Contention Users 1-140
2026-04-04 02:51:04,405 INFO o.a.j.t.JMeterThread: Thread finished: Checkout Contention Users 1-140
2026-04-04 02:51:04,404 INFO o.a.j.t.JMeterThread: Thread is done: Checkout Contention Users 1-168
2026-04-04 02:51:04,405 INFO o.a.j.t.JMeterThread: Thread finished: Checkout Contention Users 1-168
2026-04-04 02:51:04,405 INFO o.a.j.t.JMeterThread: Thread finished: Checkout Contention Users 1-109
2026-04-04 02:51:04,406 INFO o.a.j.t.JMeterThread: Thread finished: Checkout Contention Users 1-62
2026-04-04 02:51:04,404 INFO o.a.j.t.JMeterThread: Thread finished: Checkout Contention Users 1-169
2026-04-04 02:51:04,404 INFO o.a.j.t.JMeterThread: Thread finished: Checkout Contention Users 1-148
2026-04-04 02:51:04,404 INFO o.a.j.t.JMeterThread: Thread finished: Checkout Contention Users 1-83
2026-04-04 02:51:04,406 INFO o.a.j.e.StandardJMeterEngine: Notifying test listeners of end of test
2026-04-04 02:51:04,406 INFO o.a.j.s.FileServer: Close: /home/keishi/tru/web_seng4640/loadTest/stg-loadtest-users.csv
2026-04-04 02:51:04,413 INFO o.a.j.r.Summariser: summary +    188 in 00:00:03 =   63.9/s Avg: 60113 Min: 60002 Max: 60183 Err:   188 (100.00%) Active: 0 Started: 250 Finished: 250
2026-04-04 02:51:04,413 INFO o.a.j.r.Summariser: summary =    500 in 00:01:19 =    6.3/s Avg: 27010 Min:    83 Max: 60183 Err:   288 (57.60%)
2026-04-04 02:51:04,414 INFO o.a.j.JMeter: Generating Dashboard
2026-04-04 02:51:04,414 INFO o.a.j.r.d.ReportGenerator: Flushing result collector before report Generation
2026-04-04 02:51:04,422 INFO o.a.j.r.p.NormalizerSampleConsumer: Using format, 'ms', to parse timeStamp field
2026-04-04 02:51:04,518 INFO o.a.j.r.p.AbstractSampleConsumer: class org.apache.jmeter.report.processor.AggregateConsumer#stopProducing(): beginDate produced 0 samples
2026-04-04 02:51:04,518 INFO o.a.j.r.p.AbstractSampleConsumer: class org.apache.jmeter.report.processor.AggregateConsumer#stopProducing(): endDate produced 0 samples
2026-04-04 02:51:04,521 INFO o.a.j.r.p.AbstractSampleConsumer: class org.apache.jmeter.report.processor.ApdexSummaryConsumer#stopProducing(): apdexSummary produced 0 samples
2026-04-04 02:51:04,522 INFO o.a.j.r.p.AbstractSampleConsumer: class org.apache.jmeter.report.processor.RequestsSummaryConsumer#stopProducing(): requestsSummary produced 0 samples
2026-04-04 02:51:04,526 INFO o.a.j.r.p.AbstractSampleConsumer: class org.apache.jmeter.report.processor.StatisticsSummaryConsumer#stopProducing(): statisticsSummary produced 0 samples
2026-04-04 02:51:04,530 INFO o.a.j.r.p.AbstractSampleConsumer: class org.apache.jmeter.report.processor.Top5ErrorsBySamplerConsumer#stopProducing(): top5ErrorsBySampler produced 0 samples
2026-04-04 02:51:04,530 INFO o.a.j.r.p.AbstractSampleConsumer: class org.apache.jmeter.report.processor.ErrorsSummaryConsumer#stopProducing(): errorsSummary produced 0 samples
2026-04-04 02:51:04,530 INFO o.a.j.r.p.AbstractSampleConsumer: class org.apache.jmeter.report.processor.graph.impl.HitsPerSecondGraphConsumer#stopProducing(): hitsPerSecond produced 0 samples
2026-04-04 02:51:04,551 INFO o.a.j.r.p.AbstractSampleConsumer: class org.apache.jmeter.report.processor.graph.impl.LatencyVSRequestGraphConsumer#stopProducing(): latencyVsRequest produced 0 samples
2026-04-04 02:51:04,552 INFO o.a.j.r.p.AbstractSampleConsumer: class org.apache.jmeter.report.processor.graph.impl.SyntheticResponseTimeDistributionGraphConsumer#stopProducing(): syntheticResponseTimeDistribution produced 0 samples
2026-04-04 02:51:04,552 INFO o.a.j.r.p.AbstractSampleConsumer: class org.apache.jmeter.report.processor.graph.impl.BytesThroughputGraphConsumer#stopProducing(): bytesThroughputOverTime produced 0 samples
2026-04-04 02:51:04,553 INFO o.a.j.r.p.AbstractSampleConsumer: class org.apache.jmeter.report.processor.graph.impl.CodesPerSecondGraphConsumer#stopProducing(): codesPerSecond produced 0 samples
2026-04-04 02:51:04,558 INFO o.a.j.r.p.AbstractSampleConsumer: class org.apache.jmeter.report.processor.graph.impl.ResponseTimeVSRequestGraphConsumer#stopProducing(): responseTimeVsRequest produced 0 samples
2026-04-04 02:51:04,559 INFO o.a.j.r.p.AbstractSampleConsumer: class org.apache.jmeter.report.processor.FilterConsumer#stopProducing(): startIntervalControlerFilter produced 3500 samples
2026-04-04 02:51:04,559 INFO o.a.j.r.p.AbstractSampleConsumer: class org.apache.jmeter.report.processor.graph.impl.TotalTPSGraphConsumer#stopProducing(): totalTPS produced 0 samples
2026-04-04 02:51:04,559 INFO o.a.j.r.p.AbstractSampleConsumer: class org.apache.jmeter.report.processor.graph.impl.ActiveThreadsGraphConsumer#stopProducing(): activeThreadsOverTime produced 0 samples
2026-04-04 02:51:04,559 INFO o.a.j.r.p.AbstractSampleConsumer: class org.apache.jmeter.report.processor.graph.impl.TimeVSThreadGraphConsumer#stopProducing(): timeVsThreads produced 0 samples
2026-04-04 02:51:04,559 INFO o.a.j.r.p.AbstractSampleConsumer: class org.apache.jmeter.report.processor.graph.impl.ResponseTimeDistributionGraphConsumer#stopProducing(): responseTimeDistribution produced 0 samples
2026-04-04 02:51:04,560 INFO o.a.j.r.p.AbstractSampleConsumer: class org.apache.jmeter.report.processor.graph.impl.TransactionsPerSecondGraphConsumer#stopProducing(): transactionsPerSecond produced 0 samples
2026-04-04 02:51:04,560 INFO o.a.j.r.p.AbstractSampleConsumer: class org.apache.jmeter.report.processor.graph.impl.ResponseTimePercentilesGraphConsumer#stopProducing(): responseTimePercentiles produced 0 samples
2026-04-04 02:51:04,563 INFO o.a.j.r.p.AbstractSampleConsumer: class org.apache.jmeter.report.processor.graph.impl.ResponseTimePercentilesOverTimeGraphConsumer#stopProducing(): responseTimePercentilesOverTime produced 0 samples
2026-04-04 02:51:04,564 INFO o.a.j.r.p.AbstractSampleConsumer: class org.apache.jmeter.report.processor.graph.impl.ResponseTimeOverTimeGraphConsumer#stopProducing(): responseTimesOverTime produced 0 samples
2026-04-04 02:51:04,564 INFO o.a.j.r.p.AbstractSampleConsumer: class org.apache.jmeter.report.processor.graph.impl.ConnectTimeOverTimeGraphConsumer#stopProducing(): connectTimeOverTime produced 0 samples
2026-04-04 02:51:04,564 INFO o.a.j.r.p.AbstractSampleConsumer: class org.apache.jmeter.report.processor.graph.impl.LatencyOverTimeGraphConsumer#stopProducing(): latenciesOverTime produced 0 samples
2026-04-04 02:51:04,564 INFO o.a.j.r.p.AbstractSampleConsumer: class org.apache.jmeter.report.processor.FilterConsumer#stopProducing(): nameFilter produced 7500 samples
2026-04-04 02:51:04,564 INFO o.a.j.r.p.AbstractSampleConsumer: class org.apache.jmeter.report.processor.FilterConsumer#stopProducing(): dateRangeFilter produced 1500 samples
2026-04-04 02:51:04,564 INFO o.a.j.r.p.AbstractSampleConsumer: class org.apache.jmeter.report.processor.NormalizerSampleConsumer#stopProducing(): normalizer produced 500 samples
2026-04-04 02:51:04,564 INFO o.a.j.r.p.CsvFileSampleSource: produce(): 500 samples produced in 125ms on channel 0
2026-04-04 02:51:04,564 INFO o.a.j.r.d.ReportGenerator: Exporting data using exporter:'json' of className:'org.apache.jmeter.report.dashboard.JsonExporter'
2026-04-04 02:51:04,621 INFO o.a.j.r.d.JsonExporter: Found data for consumer statisticsSummary in context
2026-04-04 02:51:04,621 INFO o.a.j.r.d.JsonExporter: Creating statistics for overall
2026-04-04 02:51:04,621 INFO o.a.j.r.d.JsonExporter: Creating statistics for other transactions
2026-04-04 02:51:04,621 INFO o.a.j.r.d.JsonExporter: Checking output folder
2026-04-04 02:51:04,622 INFO o.a.j.r.d.JsonExporter: Writing statistics JSON to /home/keishi/tru/web_seng4640/web_app_seng4640/packages/backend/jmeter-runs/flash-sale-stg-loadtest-13-57-223-9-p30500-t250-s250-20260404-024944/report/statistics.json
2026-04-04 02:51:04,663 INFO o.a.j.r.d.ReportGenerator: Exporting data using exporter:'html' of className:'org.apache.jmeter.report.dashboard.HtmlTemplateExporter'
2026-04-04 02:51:04,664 INFO o.a.j.r.d.HtmlTemplateExporter: Will generate dashboard in folder: /home/keishi/tru/web_seng4640/web_app_seng4640/packages/backend/jmeter-runs/flash-sale-stg-loadtest-13-57-223-9-p30500-t250-s250-20260404-024944/report
2026-04-04 02:51:04,731 INFO o.a.j.r.d.HtmlTemplateExporter: Report will be generated in: /home/keishi/tru/web_seng4640/web_app_seng4640/packages/backend/jmeter-runs/flash-sale-stg-loadtest-13-57-223-9-p30500-t250-s250-20260404-024944/report, creating folder structure
2026-04-04 02:51:04,733 INFO o.a.j.r.d.TemplateVisitor: Copying folder from '/opt/jmeter/bin/report-template' to '/home/keishi/tru/web_seng4640/web_app_seng4640/packages/backend/jmeter-runs/flash-sale-stg-loadtest-13-57-223-9-p30500-t250-s250-20260404-024944/report', got message: /home/keishi/tru/web_seng4640/web_app_seng4640/packages/backend/jmeter-runs/flash-sale-stg-loadtest-13-57-223-9-p30500-t250-s250-20260404-024944/report, found non empty folder with following content [/home/keishi/tru/web_seng4640/web_app_seng4640/packages/backend/jmeter-runs/flash-sale-stg-loadtest-13-57-223-9-p30500-t250-s250-20260404-024944/report/statistics.json], will be ignored
2026-04-04 02:51:04,884 INFO o.a.j.JMeter: Dashboard generated
